2017-12-13 09:47:00 +0000  Initial pipeline context: <IDEDistributionProcessingPipelineContext: 0x7fdca891afe0; archive(resolved)='<IDEArchive: 0x7fdcab9d6120>', distributionTask(resolved)='2', distributionMethod(resolved)='<IDEDistributionMethodiOSAppStoreExport: 0x7fdcf04e7630>', team(resolved)='<IDEProvisioningBasicTeam 0x7fdcb27dce90: teamID: SQH5JS2X8A, teamName: Health One Alliance LLC>'>
	Chain (11, self inclusive):
	<IDEDistributionProcessingPipelineContext: 0x7fdca891afe0; archive = '<IDEArchive: 0x7fdcab9d6120>', distributionMethod='<IDEDistributionMethodiOSAppStoreExport: 0x7fdcf04e7630>', team='<IDEProvisioningBasicTeam 0x7fdcb27dce90: teamID: SQH5JS2X8A, teamName: Health One Alliance LLC>'>
	<IDEDistributionProcessingPipelineContext: 0x7fdcc2ebbce0; archive = '<IDEArchive: 0x7fdcab9d6120>', distributionMethod='<IDEDistributionMethodiOSAppStoreExport: 0x7fdcf04e7630>', team='<IDEProvisioningBasicTeam 0x7fdcb27dce90: teamID: SQH5JS2X8A, teamName: Health One Alliance LLC>'>
	<IDEDistributionContext: 0x7fdcb0d74d30; archive = '<IDEArchive: 0x7fdcab9d6120>', distributionMethod='<IDEDistributionMethodiOSAppStoreExport: 0x7fdcf04e7630>', team='<IDEProvisioningBasicTeam 0x7fdcb27dce90: teamID: SQH5JS2X8A, teamName: Health One Alliance LLC>'>
	<IDEDistributionContext: 0x7fdcaf5ad450; archive = '<IDEArchive: 0x7fdcab9d6120>', distributionMethod='<IDEDistributionMethodiOSAppStoreExport: 0x7fdcf04e7630>', team='<IDEProvisioningBasicTeam 0x7fdcb27dce90: teamID: SQH5JS2X8A, teamName: Health One Alliance LLC>'>
	<IDEDistributionContext: 0x7fdcb1a9f230; archive = '<IDEArchive: 0x7fdcab9d6120>', distributionMethod='<IDEDistributionMethodiOSAppStoreExport: 0x7fdcf04e7630>', team='<IDEProvisioningBasicTeam 0x7fdcb27dce90: teamID: SQH5JS2X8A, teamName: Health One Alliance LLC>'>
	<IDEDistributionContext: 0x7fdcb44e97a0; archive = '<IDEArchive: 0x7fdcab9d6120>', distributionMethod='<IDEDistributionMethodiOSAppStoreExport: 0x7fdcf04e7630>', team='<IDEProvisioningBasicTeam 0x7fdcb27dce90: teamID: SQH5JS2X8A, teamName: Health One Alliance LLC>'>
	<IDEDistributionContext: 0x7fdcb15170e0; archive = '<IDEArchive: 0x7fdcab9d6120>', distributionMethod='<IDEDistributionMethodiOSAppStoreExport: 0x7fdcf04e7630>', team='<IDEProvisioningBasicTeam 0x7fdcb27dce90: teamID: SQH5JS2X8A, teamName: Health One Alliance LLC>'>
	<IDEDistributionContext: 0x7fdc993de360; archive = '<IDEArchive: 0x7fdcab9d6120>', distributionMethod='<IDEDistributionMethodiOSAppStoreExport: 0x7fdcf04e7630>', team='<IDEProvisioningBasicTeam 0x7fdcb27dce90: teamID: SQH5JS2X8A, teamName: Health One Alliance LLC>'>
	<IDEDistributionContext: 0x7fdcb2d19930; archive = '<IDEArchive: 0x7fdcab9d6120>', distributionMethod='<IDEDistributionMethodiOSAppStoreExport: 0x7fdcf04e7630>', team='<IDEProvisioningBasicTeam 0x7fdcb27dce90: teamID: SQH5JS2X8A, teamName: Health One Alliance LLC>'>
	<IDEDistributionContext: 0x7fdcb3cc4ee0; archive = '<IDEArchive: 0x7fdcab9d6120>', distributionMethod='<IDEDistributionMethodiOSAppStoreExport: 0x7fdcf04e7630>', team='(null)'>
	<IDEDistributionContext: 0x7fdc9885a680; archive = '<IDEArchive: 0x7fdcab9d6120>', distributionMethod='(null)', team='(null)'>
</IDEDistributionProcessingPipelineContext: 0x7fdca891afe0>
2017-12-13 09:47:00 +0000  Processing step: IDEDistributionCreateDestRootStep
2017-12-13 09:47:00 +0000  Processing step: IDEDistributionCopyItemStep
2017-12-13 09:47:00 +0000  Running /usr/bin/ditto '-V' '/Users/chaojie/Library/Developer/Xcode/Archives/2017-12-13/IndigoUnplugged 2017-12-13 下午5.43.xcarchive/Products/Applications/IndigoUnplugged.app' '/var/folders/xd/t3nd1_1n3kz1nxjr6qjqz4_40000gn/T/XcodeDistPipeline.KDU/Root/Payload/IndigoUnplugged.app'
2017-12-13 09:47:00 +0000  >>> Copying /Users/chaojie/Library/Developer/Xcode/Archives/2017-12-13/IndigoUnplugged 2017-12-13 下午5.43.xcarchive/Products/Applications/IndigoUnplugged.app 
2017-12-13 09:47:00 +0000  copying file ./_CodeSignature/CodeResources ... 
2017-12-13 09:47:00 +0000  75642 bytes for ./_CodeSignature/CodeResources
2017-12-13 09:47:00 +0000  copying file ./addplanofcare.html ... 
2017-12-13 09:47:00 +0000  26860 bytes for ./addplanofcare.html
copying file ./allergy.html ... 
2017-12-13 09:47:00 +0000  33662 bytes for ./allergy.html
copying file ./AppIcon29x29@2x~ipad.png ... 
2017-12-13 09:47:00 +0000  3907 bytes for ./AppIcon29x29@2x~ipad.png
copying file ./AppIcon29x29~ipad.png ... 
2017-12-13 09:47:00 +0000  2025 bytes for ./AppIcon29x29~ipad.png
copying file ./AppIcon40x40@2x~ipad.png ... 
2017-12-13 09:47:01 +0000  6172 bytes for ./AppIcon40x40@2x~ipad.png
copying file ./AppIcon40x40~ipad.png ... 
2693 bytes for ./AppIcon40x40~ipad.png
copying file ./AppIcon50x50@2x~ipad.png ... 
8038 bytes for ./AppIcon50x50@2x~ipad.png
copying file ./AppIcon50x50~ipad.png ... 
3311 bytes for ./AppIcon50x50~ipad.png
copying file ./AppIcon72x72@2x~ipad.png ... 
14254 bytes for ./AppIcon72x72@2x~ipad.png
copying file ./AppIcon72x72~ipad.png ... 
2017-12-13 09:47:01 +0000  5309 bytes for ./AppIcon72x72~ipad.png
copying file ./AppIcon76x76@2x~ipad.png ... 
15436 bytes for ./AppIcon76x76@2x~ipad.png
copying file ./AppIcon76x76~ipad.png ... 
5651 bytes for ./AppIcon76x76~ipad.png
copying file ./archived-expanded-entitlements.xcent ... 
396 bytes for ./archived-expanded-entitlements.xcent
copying file ./arrival.html ... 
33883 bytes for ./arrival.html
copying file ./Assets.car ... 
2017-12-13 09:47:01 +0000  98408 bytes for ./Assets.car
copying file ./assets.js ... 
9064 bytes for ./assets.js
copying file ./assets.log ... 
9064 bytes for ./assets.log
copying file ./AvulsionOfNailPlate.html ... 
38345 bytes for ./AvulsionOfNailPlate.html
copying file ./basic.css ... 
2017-12-13 09:47:01 +0000  21994 bytes for ./basic.css
2017-12-13 09:47:01 +0000  copying file ./book.png ... 
3187 bytes for ./book.png
copying file ./bootstrap-theme.css ... 
2017-12-13 09:47:01 +0000  14936 bytes for ./bootstrap-theme.css
copying file ./bootstrap.css ... 
2017-12-13 09:47:01 +0000  121175 bytes for ./bootstrap.css
2017-12-13 09:47:01 +0000  copying file ./bootstrap.js ... 
2017-12-13 09:47:01 +0000  55258 bytes for ./bootstrap.js
copying file ./calendar.gif ... 
2017-12-13 09:47:01 +0000  614 bytes for ./calendar.gif
copying file ./camera.png ... 
3035 bytes for ./camera.png
copying file ./cchpi.html ... 
23331 bytes for ./cchpi.html
copying file ./charge.html ... 
2017-12-13 09:47:01 +0000  26795 bytes for ./charge.html
copying file ./charting.html ... 
2017-12-13 09:47:01 +0000  206572 bytes for ./charting.html
2017-12-13 09:47:01 +0000  copying file ./chartingcategory.log ... 
2017-12-13 09:47:01 +0000  241782 bytes for ./chartingcategory.log
copying file ./ChartingHeaderBg.gif ... 
2017-12-13 09:47:01 +0000  145 bytes for ./ChartingHeaderBg.gif
copying file ./ChartingItem.gif ... 
54 bytes for ./ChartingItem.gif
copying file ./clnemcharge.html ... 
2017-12-13 09:47:01 +0000  49968 bytes for ./clnemcharge.html
copying file ./CommonList.png ... 
2017-12-13 09:47:01 +0000  8523 bytes for ./CommonList.png
copying file ./control_ctrlallergy.html ... 
2017-12-13 09:47:01 +0000  2672 bytes for ./control_ctrlallergy.html
copying file ./control_ctrlarrival.html ... 
2017-12-13 09:47:01 +0000  2524 bytes for ./control_ctrlarrival.html
copying file ./control_ctrlcchpi.html ... 
2017-12-13 09:47:01 +0000  1450 bytes for ./control_ctrlcchpi.html
copying file ./control_ctrlcharge.html ... 
2017-12-13 09:47:01 +0000  2891 bytes for ./control_ctrlcharge.html
copying file ./control_ctrlclnemcharge.html ... 
1908 bytes for ./control_ctrlclnemcharge.html
copying file ./control_ctrldiagnosis.html ... 
2017-12-13 09:47:01 +0000  1448 bytes for ./control_ctrldiagnosis.html
copying file ./control_ctrldischargeorders.html ... 
2017-12-13 09:47:01 +0000  2231 bytes for ./control_ctrldischargeorders.html
copying file ./control_ctrldisposition.html ... 
2017-12-13 09:47:01 +0000  2041 bytes for ./control_ctrldisposition.html
copying file ./control_ctrledema.html ... 
2017-12-13 09:47:01 +0000  9250 bytes for ./control_ctrledema.html
copying file ./control_ctrlemcharge.html ... 
2017-12-13 09:47:01 +0000  1861 bytes for ./control_ctrlemcharge.html
copying file ./control_ctrlfamilyeducation.html ... 
2017-12-13 09:47:01 +0000  1863 bytes for ./control_ctrlfamilyeducation.html
copying file ./control_ctrlhbo.html ... 
2017-12-13 09:47:01 +0000  5998 bytes for ./control_ctrlhbo.html
2017-12-13 09:47:01 +0000  copying file ./control_ctrlhistoryreview.html ... 
1153 bytes for ./control_ctrlhistoryreview.html
copying file ./control_ctrlmedication.html ... 
2017-12-13 09:47:01 +0000  3244 bytes for ./control_ctrlmedication.html
copying file ./control_ctrlneuropathy.html ... 
2017-12-13 09:47:01 +0000  2938 bytes for ./control_ctrlneuropathy.html
copying file ./control_ctrlnonwoundprocedure.html ... 
2017-12-13 09:47:01 +0000  11164 bytes for ./control_ctrlnonwoundprocedure.html
2017-12-13 09:47:01 +0000  copying file ./control_ctrlnote.html ... 
1444 bytes for ./control_ctrlnote.html
2017-12-13 09:47:01 +0000  copying file ./control_ctrlorder.html ... 
2017-12-13 09:47:01 +0000  7472 bytes for ./control_ctrlorder.html
copying file ./control_ctrlostomy.html ... 
2017-12-13 09:47:01 +0000  7096 bytes for ./control_ctrlostomy.html
copying file ./control_ctrlpain.html ... 
2017-12-13 09:47:01 +0000  1831 bytes for ./control_ctrlpain.html
copying file ./control_ctrlpe.html ... 
2017-12-13 09:47:01 +0000  1281 bytes for ./control_ctrlpe.html
copying file ./control_ctrlpharmacy.html ... 
2017-12-13 09:47:01 +0000  1474 bytes for ./control_ctrlpharmacy.html
copying file ./control_ctrlplan.html ... 
2017-12-13 09:47:01 +0000  6610 bytes for ./control_ctrlplan.html
copying file ./control_ctrlplanofcare.html ... 
2017-12-13 09:47:01 +0000  5393 bytes for ./control_ctrlplanofcare.html
copying file ./control_ctrlpmfshx.html ... 
2017-12-13 09:47:01 +0000  10374 bytes for ./control_ctrlpmfshx.html
copying file ./control_ctrlprescription.html ... 
2017-12-13 09:47:01 +0000  2463 bytes for ./control_ctrlprescription.html
copying file ./control_ctrlprocedure.html ... 
2017-12-13 09:47:01 +0000  1304 bytes for ./control_ctrlprocedure.html
copying file ./control_ctrlros.html ... 
2017-12-13 09:47:01 +0000  1263 bytes for ./control_ctrlros.html
copying file ./control_ctrlsignoff.html ... 
2017-12-13 09:47:01 +0000  1897 bytes for ./control_ctrlsignoff.html
2017-12-13 09:47:01 +0000  copying file ./control_ctrltcom.html ... 
2017-12-13 09:47:01 +0000  10205 bytes for ./control_ctrltcom.html
copying file ./control_ctrlvascular.html ... 
2017-12-13 09:47:01 +0000  2487 bytes for ./control_ctrlvascular.html
copying file ./control_ctrlvitalsign.html ... 
2017-12-13 09:47:01 +0000  2886 bytes for ./control_ctrlvitalsign.html
copying file ./control_ctrlwound.html ... 
2017-12-13 09:47:01 +0000  68620 bytes for ./control_ctrlwound.html
copying file ./controljs.log ... 
2017-12-13 09:47:01 +0000  3370 bytes for ./controljs.log
copying file ./controlstatus.log ... 
2017-12-13 09:47:01 +0000  4341 bytes for ./controlstatus.log
copying file ./diagnosis.html ... 
2017-12-13 09:47:01 +0000  25429 bytes for ./diagnosis.html
copying file ./dischargeorders.html ... 
2017-12-13 09:47:01 +0000  66756 bytes for ./dischargeorders.html
copying file ./disposition.html ... 
2017-12-13 09:47:01 +0000  29062 bytes for ./disposition.html
copying file ./dropdown_AllergyReaction.log ... 
2017-12-13 09:47:01 +0000  63077 bytes for ./dropdown_AllergyReaction.log
2017-12-13 09:47:01 +0000  copying file ./dropdown_CLNEMCharge.log ... 
2017-12-13 09:47:01 +0000  25601 bytes for ./dropdown_CLNEMCharge.log
copying file ./dropdown_commonlistAllergy.log ... 
2017-12-13 09:47:01 +0000  2222487 bytes for ./dropdown_commonlistAllergy.log
copying file ./dropdown_commonlistDiagnosis.log ... 
2017-12-13 09:47:01 +0000  39156 bytes for ./dropdown_commonlistDiagnosis.log
2017-12-13 09:47:01 +0000  copying file ./dropdown_commonlistMedication.log ... 
2017-12-13 09:47:02 +0000  12322043 bytes for ./dropdown_commonlistMedication.log
copying file ./dropdown_DXDescription.log ... 
2017-12-13 09:47:02 +0000  1826236 bytes for ./dropdown_DXDescription.log
2017-12-13 09:47:02 +0000  copying file ./dropdown_EdemaBodyType.log ... 
2017-12-13 09:47:02 +0000  14742 bytes for ./dropdown_EdemaBodyType.log
copying file ./dropdown_ModelInfo.log ... 
2017-12-13 09:47:02 +0000  626 bytes for ./dropdown_ModelInfo.log
copying file ./dropdown_OrderedBy.log ... 
2017-12-13 09:47:02 +0000  22229 bytes for ./dropdown_OrderedBy.log
2017-12-13 09:47:02 +0000  copying file ./dropdown_OrderList.log ... 
2017-12-13 09:47:02 +0000  1541239 bytes for ./dropdown_OrderList.log
copying file ./dropdown_PE.log ... 
2017-12-13 09:47:02 +0000  596418 bytes for ./dropdown_PE.log
2017-12-13 09:47:02 +0000  copying file ./dropdown_PerformedBy.log ... 
2017-12-13 09:47:02 +0000  22299 bytes for ./dropdown_PerformedBy.log
copying file ./dropdown_Pharmacy.log ... 
2017-12-13 09:47:02 +0000  250059 bytes for ./dropdown_Pharmacy.log
copying file ./dropdown_PressureSetting.log ... 
2017-12-13 09:47:02 +0000  19888 bytes for ./dropdown_PressureSetting.log
2017-12-13 09:47:02 +0000  copying file ./dropdown_Procedure.log ... 
2017-12-13 09:47:02 +0000  16900 bytes for ./dropdown_Procedure.log
copying file ./dropdown_ROS.log ... 
2017-12-13 09:47:02 +0000  409588 bytes for ./dropdown_ROS.log
2017-12-13 09:47:02 +0000  copying file ./dropdown_SmokingStatus.log ... 
2017-12-13 09:47:02 +0000  23854 bytes for ./dropdown_SmokingStatus.log
copying file ./dropdown_SocialHistory.log ... 
2017-12-13 09:47:02 +0000  19227 bytes for ./dropdown_SocialHistory.log
copying file ./dropdown_Surgical.log ... 
2017-12-13 09:47:02 +0000  42515 bytes for ./dropdown_Surgical.log
copying file ./dropdownjs.log ... 
2017-12-13 09:47:02 +0000  1666 bytes for ./dropdownjs.log
copying file ./dropdownstatus.log ... 
2017-12-13 09:47:02 +0000  2208 bytes for ./dropdownstatus.log
copying file ./edemaAssessment.html ... 
2017-12-13 09:47:02 +0000  25354 bytes for ./edemaAssessment.html
copying file ./edemaControl.html ... 
2017-12-13 09:47:02 +0000  33033 bytes for ./edemaControl.html
copying file ./edemaMeas.html ... 
2017-12-13 09:47:02 +0000  21227 bytes for ./edemaMeas.html
copying file ./edemaPictures.html ... 
2017-12-13 09:47:02 +0000  20151 bytes for ./edemaPictures.html
2017-12-13 09:47:02 +0000  copying file ./embedded.mobileprovision ... 
10563 bytes for ./embedded.mobileprovision
copying file ./emcharge.html ... 
2017-12-13 09:47:02 +0000  24255 bytes for ./emcharge.html
copying file ./en.lproj/InfoPlist.strings ... 
42 bytes for ./en.lproj/InfoPlist.strings
copying file ./Facility_iPad.nib ... 
4076 bytes for ./Facility_iPad.nib
copying file ./family.html ... 
95705 bytes for ./family.html
copying file ./familyeducation.html ... 
2017-12-13 09:47:02 +0000  40767 bytes for ./familyeducation.html
copying file ./files.html ... 
2017-12-13 09:47:02 +0000  11824 bytes for ./files.html
copying file ./film-roll.png ... 
2017-12-13 09:47:02 +0000  3010 bytes for ./film-roll.png
copying file ./Flags_2.gif ... 
2017-12-13 09:47:02 +0000  1199 bytes for ./Flags_2.gif
2017-12-13 09:47:02 +0000  copying file ./Frameworks/FMDB.framework/_CodeSignature/CodeResources ... 
2017-12-13 09:47:02 +0000  2202 bytes for ./Frameworks/FMDB.framework/_CodeSignature/CodeResources
2017-12-13 09:47:02 +0000  copying file ./Frameworks/FMDB.framework/FMDB ... 
2017-12-13 09:47:02 +0000  970752 bytes for ./Frameworks/FMDB.framework/FMDB
copying file ./Frameworks/FMDB.framework/Info.plist ... 
2017-12-13 09:47:02 +0000  727 bytes for ./Frameworks/FMDB.framework/Info.plist
copying file ./Frameworks/LKDBHelper.framework/_CodeSignature/CodeResources ... 
2202 bytes for ./Frameworks/LKDBHelper.framework/_CodeSignature/CodeResources
copying file ./Frameworks/LKDBHelper.framework/Info.plist ... 
739 bytes for ./Frameworks/LKDBHelper.framework/Info.plist
copying file ./Frameworks/LKDBHelper.framework/LKDBHelper ... 
1325408 bytes for ./Frameworks/LKDBHelper.framework/LKDBHelper
copying file ./glyphicons-halflings-regular.eot ... 
2017-12-13 09:47:02 +0000  20335 bytes for ./glyphicons-halflings-regular.eot
2017-12-13 09:47:02 +0000  copying file ./glyphicons-halflings-regular.svg ... 
2017-12-13 09:47:02 +0000  62927 bytes for ./glyphicons-halflings-regular.svg
copying file ./glyphicons-halflings-regular.ttf ... 
2017-12-13 09:47:02 +0000  41280 bytes for ./glyphicons-halflings-regular.ttf
copying file ./glyphicons-halflings-regular.woff ... 
2017-12-13 09:47:02 +0000  23320 bytes for ./glyphicons-halflings-regular.woff
copying file ./hbo.html ... 
2017-12-13 09:47:02 +0000  20076 bytes for ./hbo.html
2017-12-13 09:47:02 +0000  copying file ./hbonotes.html ... 
2017-12-13 09:47:02 +0000  20075 bytes for ./hbonotes.html
2017-12-13 09:47:02 +0000  copying file ./hboposttreatment.html ... 
2017-12-13 09:47:02 +0000  56522 bytes for ./hboposttreatment.html
copying file ./hbopretreatment.html ... 
2017-12-13 09:47:02 +0000  63243 bytes for ./hbopretreatment.html
2017-12-13 09:47:02 +0000  copying file ./hbotreatmendetails.html ... 
2017-12-13 09:47:02 +0000  39066 bytes for ./hbotreatmendetails.html
copying file ./hbotreatmentcourse.html ... 
2017-12-13 09:47:02 +0000  23034 bytes for ./hbotreatmentcourse.html
copying file ./historyreview.html ... 
2017-12-13 09:47:02 +0000  18203 bytes for ./historyreview.html
2017-12-13 09:47:02 +0000  copying file ./home.html ... 
2017-12-13 09:47:02 +0000  15957 bytes for ./home.html
2017-12-13 09:47:02 +0000  copying file ./home.png ... 
2883 bytes for ./home.png
copying file ./Icon-1024.png ... 
2017-12-13 09:47:02 +0000  24868 bytes for ./Icon-1024.png
copying file ./Icon-72.png ... 
2017-12-13 09:47:02 +0000  4460 bytes for ./Icon-72.png
copying file ./Icon-72@2x.png ... 
2017-12-13 09:47:02 +0000  13405 bytes for ./Icon-72@2x.png
copying file ./Icon-76.png ... 
2017-12-13 09:47:02 +0000  4802 bytes for ./Icon-76.png
2017-12-13 09:47:02 +0000  copying file ./Icon-76@2x.png ... 
2017-12-13 09:47:02 +0000  14587 bytes for ./Icon-76@2x.png
copying file ./Icon-Small-50.png ... 
2017-12-13 09:47:02 +0000  2462 bytes for ./Icon-Small-50.png
copying file ./Icon-Small-50@2x.png ... 
2017-12-13 09:47:02 +0000  7189 bytes for ./Icon-Small-50@2x.png
copying file ./Icon-Small.png ... 
2017-12-13 09:47:02 +0000  1176 bytes for ./Icon-Small.png
copying file ./Icon-Small@2x.png ... 
2017-12-13 09:47:02 +0000  3058 bytes for ./Icon-Small@2x.png
copying file ./Icon.png ... 
2017-12-13 09:47:02 +0000  3052 bytes for ./Icon.png
copying file ./Icon@2x.png ... 
2017-12-13 09:47:02 +0000  8168 bytes for ./Icon@2x.png
2017-12-13 09:47:02 +0000  copying file ./Indigo.momd/Indigo.mom ... 
2017-12-13 09:47:02 +0000  513 bytes for ./Indigo.momd/Indigo.mom
copying file ./Indigo.momd/Indigo.omo ... 
2017-12-13 09:47:02 +0000  696 bytes for ./Indigo.momd/Indigo.omo
copying file ./Indigo.momd/VersionInfo.plist ... 
2017-12-13 09:47:02 +0000  149 bytes for ./Indigo.momd/VersionInfo.plist
2017-12-13 09:47:02 +0000  copying file ./indigo_logo.gif ... 
2017-12-13 09:47:02 +0000  15924 bytes for ./indigo_logo.gif
copying file ./IndigoUnplugged ... 
2017-12-13 09:47:02 +0000  3502704 bytes for ./IndigoUnplugged
copying file ./Info.plist ... 
2017-12-13 09:47:03 +0000  1711 bytes for ./Info.plist
copying file ./itemNeuropathyAssessment.png ... 
2969 bytes for ./itemNeuropathyAssessment.png
copying file ./jquery-2.1.0.min.js ... 
2017-12-13 09:47:03 +0000  127326 bytes for ./jquery-2.1.0.min.js
copying file ./jquery.mobile-1.4.2.min.css ... 
2017-12-13 09:47:03 +0000  207012 bytes for ./jquery.mobile-1.4.2.min.css
copying file ./jquery.mobile-1.4.2.min.js ... 
2017-12-13 09:47:03 +0000  195662 bytes for ./jquery.mobile-1.4.2.min.js
copying file ./json2.js ... 
2017-12-13 09:47:03 +0000  17524 bytes for ./json2.js
copying file ./LKDBEmbed.db ... 
2017-12-13 09:47:03 +0000  6840320 bytes for ./LKDBEmbed.db
copying file ./lock.png ... 
2017-12-13 09:47:03 +0000  2965 bytes for ./lock.png
copying file ./Login_iPad.nib ... 
4285 bytes for ./Login_iPad.nib
copying file ./Main_iPad.nib ... 
2017-12-13 09:47:03 +0000  4744 bytes for ./Main_iPad.nib
2017-12-13 09:47:03 +0000  copying file ./MainWindow_iPad.nib ... 
888 bytes for ./MainWindow_iPad.nib
copying file ./medical.html ... 
38387 bytes for ./medical.html
copying file ./medication.html ... 
2017-12-13 09:47:03 +0000  33754 bytes for ./medication.html
copying file ./meiomask.min.js ... 
10705 bytes for ./meiomask.min.js
copying file ./microphone.png ... 
3000 bytes for ./microphone.png
copying file ./MJRefresh.bundle/arrow@2x.png ... 
1033 bytes for ./MJRefresh.bundle/arrow@2x.png
copying file ./MJRefresh.bundle/en.lproj/Localizable.strings ... 
1372 bytes for ./MJRefresh.bundle/en.lproj/Localizable.strings
copying file ./MJRefresh.bundle/zh-Hans.lproj/Localizable.strings ... 
1350 bytes for ./MJRefresh.bundle/zh-Hans.lproj/Localizable.strings
copying file ./MJRefresh.bundle/zh-Hant.lproj/Localizable.strings ... 
773 bytes for ./MJRefresh.bundle/zh-Hant.lproj/Localizable.strings
copying file ./NABgImg.jpg ... 
2017-12-13 09:47:03 +0000  52343 bytes for ./NABgImg.jpg
copying file ./neuropathy.html ... 
32108 bytes for ./neuropathy.html
copying file ./nophoto.gif ... 
2981 bytes for ./nophoto.gif
copying file ./note.html ... 
20600 bytes for ./note.html
copying file ./Offline_iPad.nib ... 
2214 bytes for ./Offline_iPad.nib
copying file ./order.html ... 
2017-12-13 09:47:04 +0000  26954 bytes for ./order.html
copying file ./ordercancelled.html ... 
22346 bytes for ./ordercancelled.html
copying file ./ordercategory.log ... 
33921 bytes for ./ordercategory.log
copying file ./ordercompleted.html ... 
2017-12-13 09:47:04 +0000  22320 bytes for ./ordercompleted.html
copying file ./ordernote.html ... 
2017-12-13 09:47:04 +0000  22324 bytes for ./ordernote.html
copying file ./orderreviewed.html ... 
2017-12-13 09:47:04 +0000  22341 bytes for ./orderreviewed.html
copying file ./ostomy.html ... 
23936 bytes for ./ostomy.html
copying file ./OstomyMgmtDescription.html ... 
2017-12-13 09:47:04 +0000  29320 bytes for ./OstomyMgmtDescription.html
2017-12-13 09:47:04 +0000  copying file ./OstomyMgmtIntervention.html ... 
2017-12-13 09:47:04 +0000  26948 bytes for ./OstomyMgmtIntervention.html
copying file ./OstomyMgmtNotes.html ... 
20857 bytes for ./OstomyMgmtNotes.html
copying file ./OstomyMgmtPictures.html ... 
2017-12-13 09:47:04 +0000  20478 bytes for ./OstomyMgmtPictures.html
copying file ./OstomyMgmtStatus.html ... 
24992 bytes for ./OstomyMgmtStatus.html
copying file ./pain.html ... 
2017-12-13 09:47:04 +0000  28371 bytes for ./pain.html
copying file ./patient.html ... 
24448 bytes for ./patient.html
copying file ./patients.png ... 
3216 bytes for ./patients.png
copying file ./pe.html ... 
56857 bytes for ./pe.html
copying file ./pharmacy.html ... 
2017-12-13 09:47:04 +0000  27383 bytes for ./pharmacy.html
copying file ./picture.png ... 
2968 bytes for ./picture.png
2017-12-13 09:47:04 +0000  copying file ./PkgInfo ... 
8 bytes for ./PkgInfo
copying file ./plan.html ... 
18777 bytes for ./plan.html
copying file ./planofcare.html ... 
2017-12-13 09:47:04 +0000  4742 bytes for ./planofcare.html
copying file ./planofcarecategory.log ... 
2017-12-13 09:47:04 +0000  65182 bytes for ./planofcarecategory.log
copying file ./popup.html ... 
2017-12-13 09:47:04 +0000  2559 bytes for ./popup.html
copying file ./Popup_iPad.nib ... 
3957 bytes for ./Popup_iPad.nib
copying file ./prebase.js ... 
2017-12-13 09:47:04 +0000  76610 bytes for ./prebase.js
copying file ./precopy.txt ... 
2017-12-13 09:47:04 +0000  8974 bytes for ./precopy.txt
copying file ./preferences.png ... 
2017-12-13 09:47:04 +0000  3240 bytes for ./preferences.png
copying file ./prescription.html ... 
32760 bytes for ./prescription.html
copying file ./prestart.html ... 
2017-12-13 09:47:04 +0000  20896 bytes for ./prestart.html
copying file ./printer.png ... 
200 bytes for ./printer.png
copying file ./procedure.html ... 
30064 bytes for ./procedure.html
copying file ./queue.html ... 
2017-12-13 09:47:04 +0000  9461 bytes for ./queue.html
copying file ./ros.html ... 
2017-12-13 09:47:04 +0000  56000 bytes for ./ros.html
copying file ./servicefacility.log ... 
120711 bytes for ./servicefacility.log
copying file ./Settings.bundle/en.lproj/Root.strings ... 
2017-12-13 09:47:04 +0000  546 bytes for ./Settings.bundle/en.lproj/Root.strings
copying file ./Settings.bundle/Root.plist ... 
2017-12-13 09:47:04 +0000  4105 bytes for ./Settings.bundle/Root.plist
copying file ./SingleOther.html ... 
39962 bytes for ./SingleOther.html
copying file ./SinglePairingOfCallus.html ... 
38111 bytes for ./SinglePairingOfCallus.html
copying file ./SinglePunchBiopsy.html ... 
40105 bytes for ./SinglePunchBiopsy.html
copying file ./sitebg.gif ... 
2017-12-13 09:47:04 +0000  293 bytes for ./sitebg.gif
copying file ./slidebars.css ... 
6109 bytes for ./slidebars.css
copying file ./slidebars.js ... 
12602 bytes for ./slidebars.js
copying file ./smico.png ... 
144 bytes for ./smico.png
copying file ./Snippits.rtf ... 
14034 bytes for ./Snippits.rtf
copying file ./social.html ... 
29963 bytes for ./social.html
copying file ./start.html ... 
3746 bytes for ./start.html
copying file ./surgical.html ... 
2017-12-13 09:47:04 +0000  28955 bytes for ./surgical.html
copying file ./tcom.html ... 
49253 bytes for ./tcom.html
copying file ./TCOMBgImg.jpg ... 
74303 bytes for ./TCOMBgImg.jpg
copying file ./tcomphoto.html ... 
2017-12-13 09:47:04 +0000  20037 bytes for ./tcomphoto.html
copying file ./underscore-min.js ... 
2017-12-13 09:47:04 +0000  14358 bytes for ./underscore-min.js
copying file ./vascular.html ... 
34753 bytes for ./vascular.html
copying file ./visits.html ... 
15206 bytes for ./visits.html
copying file ./visittype.log ... 
2017-12-13 09:47:04 +0000  17336 bytes for ./visittype.log
copying file ./vitalsign.html ... 
2017-12-13 09:47:04 +0000  40696 bytes for ./vitalsign.html
copying file ./woundApligraf.html ... 
44196 bytes for ./woundApligraf.html
copying file ./woundChemicalCautery.html ... 
40165 bytes for ./woundChemicalCautery.html
copying file ./woundDermagraft.html ... 
2017-12-13 09:47:05 +0000  44089 bytes for ./woundDermagraft.html
copying file ./wounddescription.html ... 
105300 bytes for ./wounddescription.html
copying file ./wounddiagnosis.html ... 
23776 bytes for ./wounddiagnosis.html
copying file ./woundDrainageOfAbscess.html ... 
39639 bytes for ./woundDrainageOfAbscess.html
copying file ./wounddressing.html ... 
65169 bytes for ./wounddressing.html
copying file ./woundEpiFix.html ... 
2017-12-13 09:47:05 +0000  46569 bytes for ./woundEpiFix.html
copying file ./woundExcisionalDebridement.html ... 
45011 bytes for ./woundExcisionalDebridement.html
copying file ./woundGraftJacket.html ... 
44097 bytes for ./woundGraftJacket.html
copying file ./woundhistory.html ... 
2017-12-13 09:47:05 +0000  6064 bytes for ./woundhistory.html
copying file ./woundinfo.html ... 
34101 bytes for ./woundinfo.html
copying file ./woundlog.html ... 
21081 bytes for ./woundlog.html
copying file ./woundMatristem.html ... 
2017-12-13 09:47:05 +0000  44089 bytes for ./woundMatristem.html
copying file ./woundNonSelectiveDebridement.html ... 
2017-12-13 09:47:05 +0000  38246 bytes for ./woundNonSelectiveDebridement.html
copying file ./woundNPWTApplication.html ... 
2017-12-13 09:47:05 +0000  44302 bytes for ./woundNPWTApplication.html
copying file ./woundOASIS.html ... 
43905 bytes for ./woundOASIS.html
copying file ./woundOther.html ... 
39506 bytes for ./woundOther.html
copying file ./woundParingOfCallus.html ... 
39557 bytes for ./woundParingOfCallus.html
copying file ./woundpicture.html ... 
20292 bytes for ./woundpicture.html
copying file ./woundPrimatrix.html ... 
44093 bytes for ./woundPrimatrix.html
copying file ./woundprocedure.html ... 
2017-12-13 09:47:05 +0000  9158 bytes for ./woundprocedure.html
copying file ./woundPunchBiopsy.html ... 
41464 bytes for ./woundPunchBiopsy.html
copying file ./woundSelectiveDebridement.html ... 
2017-12-13 09:47:05 +0000  44483 bytes for ./woundSelectiveDebridement.html
copying file ./woundstatus.html ... 
50143 bytes for ./woundstatus.html
copying file ./woundSurgicalPrep.html ... 
2017-12-13 09:47:05 +0000  44848 bytes for ./woundSurgicalPrep.html
2017-12-13 09:47:05 +0000  copying file ./woundTheraskin.html ... 
44093 bytes for ./woundTheraskin.html
copying file ./woundTissueBiopsy.html ... 
41210 bytes for ./woundTissueBiopsy.html
2017-12-13 09:47:05 +0000  copying file ./xml2json.js ... 
6596 bytes for ./xml2json.js
2017-12-13 09:47:05 +0000  /usr/bin/ditto exited with 0
2017-12-13 09:47:05 +0000  Processing step: IDEDistributionEmbedProfileStep
2017-12-13 09:47:05 +0000  Skipping profile for item: <IDEDistributionItem: 0x7fdcb26dcae0 'org.cocoapods.FMDB' '<DVTFilePath:0x7fdcb6067010:'/Users/chaojie/Library/Developer/Xcode/Archives/2017-12-13/IndigoUnplugged 2017-12-13 下午5.43.xcarchive/Products/Applications/IndigoUnplugged.app/Frameworks/FMDB.framework'>'>
2017-12-13 09:47:05 +0000  Skipping profile for item: <IDEDistributionItem: 0x7fdcaa60c0d0 'org.cocoapods.LKDBHelper' '<DVTFilePath:0x7fdcae93eb80:'/Users/chaojie/Library/Developer/Xcode/Archives/2017-12-13/IndigoUnplugged 2017-12-13 下午5.43.xcarchive/Products/Applications/IndigoUnplugged.app/Frameworks/LKDBHelper.framework'>'>
2017-12-13 09:47:05 +0000  Processing step: IDEDistributionItemRemovalStep
2017-12-13 09:47:05 +0000  Processing step: IDEDistributionAppThinningPlistStep
2017-12-13 09:47:05 +0000  Skipping step: IDEDistributionAppThinningPlistStep because it said so
2017-12-13 09:47:05 +0000  Processing step: IDEDistributionCompileBitcodeStep
2017-12-13 09:47:05 +0000  Skipping step: IDEDistributionCompileBitcodeStep because it said so
2017-12-13 09:47:05 +0000  Processing step: IDEDistributionCodeSlimmingStep
2017-12-13 09:47:05 +0000  Processing step: IDEDistributionCopyBCSymbolMapsStep
2017-12-13 09:47:06 +0000  Running /usr/bin/ditto '-V' '/Users/chaojie/Library/Developer/Xcode/Archives/2017-12-13/IndigoUnplugged 2017-12-13 下午5.43.xcarchive/BCSymbolMaps/9EEA9571-599A-3A8F-9DEB-D7D9EB8D71A0.bcsymbolmap' '/var/folders/xd/t3nd1_1n3kz1nxjr6qjqz4_40000gn/T/XcodeDistPipeline.KDU/Root/BCSymbolMaps/9EEA9571-599A-3A8F-9DEB-D7D9EB8D71A0.bcsymbolmap'
2017-12-13 09:47:06 +0000  >>> Copying /Users/chaojie/Library/Developer/Xcode/Archives/2017-12-13/IndigoUnplugged 2017-12-13 下午5.43.xcarchive/BCSymbolMaps/9EEA9571-599A-3A8F-9DEB-D7D9EB8D71A0.bcsymbolmap 
2017-12-13 09:47:06 +0000  copying file ./9EEA9571-599A-3A8F-9DEB-D7D9EB8D71A0.bcsymbolmap ... 
2017-12-13 09:47:06 +0000  22982 bytes for ./9EEA9571-599A-3A8F-9DEB-D7D9EB8D71A0.bcsymbolmap
2017-12-13 09:47:06 +0000  /usr/bin/ditto exited with 0
2017-12-13 09:47:06 +0000  Running /usr/bin/ditto '-V' '/Users/chaojie/Library/Developer/Xcode/Archives/2017-12-13/IndigoUnplugged 2017-12-13 下午5.43.xcarchive/BCSymbolMaps/DCAC930D-E273-3024-A1BB-03F1B87D3C7A.bcsymbolmap' '/var/folders/xd/t3nd1_1n3kz1nxjr6qjqz4_40000gn/T/XcodeDistPipeline.KDU/Root/BCSymbolMaps/DCAC930D-E273-3024-A1BB-03F1B87D3C7A.bcsymbolmap'
2017-12-13 09:47:06 +0000  >>> Copying /Users/chaojie/Library/Developer/Xcode/Archives/2017-12-13/IndigoUnplugged 2017-12-13 下午5.43.xcarchive/BCSymbolMaps/DCAC930D-E273-3024-A1BB-03F1B87D3C7A.bcsymbolmap 
2017-12-13 09:47:06 +0000  
copying file ./DCAC930D-E273-3024-A1BB-03F1B87D3C7A.bcsymbolmap ... 
2017-12-13 09:47:06 +0000  19990 bytes for ./DCAC930D-E273-3024-A1BB-03F1B87D3C7A.bcsymbolmap
2017-12-13 09:47:06 +0000  /usr/bin/ditto exited with 0
2017-12-13 09:47:06 +0000  Running /usr/bin/ditto '-V' '/Users/chaojie/Library/Developer/Xcode/Archives/2017-12-13/IndigoUnplugged 2017-12-13 下午5.43.xcarchive/BCSymbolMaps/86509BB2-33EB-39AC-910F-4B452F3D4765.bcsymbolmap' '/var/folders/xd/t3nd1_1n3kz1nxjr6qjqz4_40000gn/T/XcodeDistPipeline.KDU/Root/BCSymbolMaps/86509BB2-33EB-39AC-910F-4B452F3D4765.bcsymbolmap'
2017-12-13 09:47:06 +0000  >>> Copying /Users/chaojie/Library/Developer/Xcode/Archives/2017-12-13/IndigoUnplugged 2017-12-13 下午5.43.xcarchive/BCSymbolMaps/86509BB2-33EB-39AC-910F-4B452F3D4765.bcsymbolmap 
2017-12-13 09:47:06 +0000  copying file ./86509BB2-33EB-39AC-910F-4B452F3D4765.bcsymbolmap ... 
2017-12-13 09:47:06 +0000  33119 bytes for ./86509BB2-33EB-39AC-910F-4B452F3D4765.bcsymbolmap
2017-12-13 09:47:06 +0000  /usr/bin/ditto exited with 0
2017-12-13 09:47:06 +0000  Running /usr/bin/ditto '-V' '/Users/chaojie/Library/Developer/Xcode/Archives/2017-12-13/IndigoUnplugged 2017-12-13 下午5.43.xcarchive/BCSymbolMaps/8A4BED7F-6777-3D3E-9548-EC96EDEBE47C.bcsymbolmap' '/var/folders/xd/t3nd1_1n3kz1nxjr6qjqz4_40000gn/T/XcodeDistPipeline.KDU/Root/BCSymbolMaps/8A4BED7F-6777-3D3E-9548-EC96EDEBE47C.bcsymbolmap'
2017-12-13 09:47:06 +0000  >>> Copying /Users/chaojie/Library/Developer/Xcode/Archives/2017-12-13/IndigoUnplugged 2017-12-13 下午5.43.xcarchive/BCSymbolMaps/8A4BED7F-6777-3D3E-9548-EC96EDEBE47C.bcsymbolmap 
2017-12-13 09:47:06 +0000  copying file ./8A4BED7F-6777-3D3E-9548-EC96EDEBE47C.bcsymbolmap ... 
2017-12-13 09:47:06 +0000  30307 bytes for ./8A4BED7F-6777-3D3E-9548-EC96EDEBE47C.bcsymbolmap
2017-12-13 09:47:06 +0000  /usr/bin/ditto exited with 0
2017-12-13 09:47:06 +0000  Running /usr/bin/ditto '-V' '/Users/chaojie/Library/Developer/Xcode/Archives/2017-12-13/IndigoUnplugged 2017-12-13 下午5.43.xcarchive/BCSymbolMaps/5F5D7B60-6750-30B2-9384-7CECF42E220E.bcsymbolmap' '/var/folders/xd/t3nd1_1n3kz1nxjr6qjqz4_40000gn/T/XcodeDistPipeline.KDU/Root/BCSymbolMaps/5F5D7B60-6750-30B2-9384-7CECF42E220E.bcsymbolmap'
2017-12-13 09:47:06 +0000  >>> Copying /Users/chaojie/Library/Developer/Xcode/Archives/2017-12-13/IndigoUnplugged 2017-12-13 下午5.43.xcarchive/BCSymbolMaps/5F5D7B60-6750-30B2-9384-7CECF42E220E.bcsymbolmap 
2017-12-13 09:47:06 +0000  copying file ./5F5D7B60-6750-30B2-9384-7CECF42E220E.bcsymbolmap ... 
2017-12-13 09:47:06 +0000  48178 bytes for ./5F5D7B60-6750-30B2-9384-7CECF42E220E.bcsymbolmap
2017-12-13 09:47:06 +0000  /usr/bin/ditto exited with 0
2017-12-13 09:47:06 +0000  Running /usr/bin/ditto '-V' '/Users/chaojie/Library/Developer/Xcode/Archives/2017-12-13/IndigoUnplugged 2017-12-13 下午5.43.xcarchive/BCSymbolMaps/77CE8C50-26E6-3880-9404-0A0F3F0BD251.bcsymbolmap' '/var/folders/xd/t3nd1_1n3kz1nxjr6qjqz4_40000gn/T/XcodeDistPipeline.KDU/Root/BCSymbolMaps/77CE8C50-26E6-3880-9404-0A0F3F0BD251.bcsymbolmap'
2017-12-13 09:47:06 +0000  >>> Copying /Users/chaojie/Library/Developer/Xcode/Archives/2017-12-13/IndigoUnplugged 2017-12-13 下午5.43.xcarchive/BCSymbolMaps/77CE8C50-26E6-3880-9404-0A0F3F0BD251.bcsymbolmap 
2017-12-13 09:47:06 +0000  
copying file ./77CE8C50-26E6-3880-9404-0A0F3F0BD251.bcsymbolmap ... 
2017-12-13 09:47:06 +0000  47982 bytes for ./77CE8C50-26E6-3880-9404-0A0F3F0BD251.bcsymbolmap
2017-12-13 09:47:06 +0000  /usr/bin/ditto exited with 0
2017-12-13 09:47:06 +0000  Processing step: IDEDistributionSymbolsStep
2017-12-13 09:47:06 +0000  Excluding symbols for FMDB.framework
2017-12-13 09:47:06 +0000  Excluding symbols for LKDBHelper.framework
2017-12-13 09:47:06 +0000  Excluding symbols for IndigoUnplugged.app
2017-12-13 09:47:06 +0000  Processing step: IDEDistributionCopyAppleProvidedContentStep
2017-12-13 09:47:06 +0000  Processing step: IDEDistributionAppThinningStep
2017-12-13 09:47:06 +0000  Skipping step: IDEDistributionAppThinningStep because it said so
2017-12-13 09:47:06 +0000  Processing step: IDEDistributionODRStep
2017-12-13 09:47:06 +0000  Processing step: IDEDistributionStripXattrsStep
2017-12-13 09:47:06 +0000  Skipping stripping extended attributes of item: <IDEDistributionItem: 0x7fdcb26dcae0 'org.cocoapods.FMDB' '<DVTFilePath:0x7fdcb6067010:'/Users/chaojie/Library/Developer/Xcode/Archives/2017-12-13/IndigoUnplugged 2017-12-13 下午5.43.xcarchive/Products/Applications/IndigoUnplugged.app/Frameworks/FMDB.framework'>'>
2017-12-13 09:47:06 +0000  Skipping stripping extended attributes of item: <IDEDistributionItem: 0x7fdcaa60c0d0 'org.cocoapods.LKDBHelper' '<DVTFilePath:0x7fdcae93eb80:'/Users/chaojie/Library/Developer/Xcode/Archives/2017-12-13/IndigoUnplugged 2017-12-13 下午5.43.xcarchive/Products/Applications/IndigoUnplugged.app/Frameworks/LKDBHelper.framework'>'>
2017-12-13 09:47:06 +0000  Running /usr/bin/xattr '-crs' '/var/folders/xd/t3nd1_1n3kz1nxjr6qjqz4_40000gn/T/XcodeDistPipeline.KDU/Root/Payload/IndigoUnplugged.app'
2017-12-13 09:47:09 +0000  /usr/bin/xattr exited with 0
2017-12-13 09:47:09 +0000  Processing step: IDEDistributionCodesignStep
2017-12-13 09:47:09 +0000  Applying entitlements delta for <IDEDistributionItem: 0x7fdcb26dcae0 'org.cocoapods.FMDB' '<DVTFilePath:0x7fdcb6067010:'/Users/chaojie/Library/Developer/Xcode/Archives/2017-12-13/IndigoUnplugged 2017-12-13 下午5.43.xcarchive/Products/Applications/IndigoUnplugged.app/Frameworks/FMDB.framework'>'> from <IDEiCloudEntitlementsProcessor: 0x7fdcb4667a40>: {
}
2017-12-13 09:47:09 +0000  Entitlements for <IDEDistributionItem: 0x7fdcb26dcae0 'org.cocoapods.FMDB' '<DVTFilePath:0x7fdcb6067010:'/Users/chaojie/Library/Developer/Xcode/Archives/2017-12-13/IndigoUnplugged 2017-12-13 下午5.43.xcarchive/Products/Applications/IndigoUnplugged.app/Frameworks/FMDB.framework'>'>: {
}
2017-12-13 09:47:09 +0000  Writing entitlements for <IDEDistributionItem: 0x7fdcb26dcae0 'org.cocoapods.FMDB' '<DVTFilePath:0x7fdcb6067010:'/Users/chaojie/Library/Developer/Xcode/Archives/2017-12-13/IndigoUnplugged 2017-12-13 下午5.43.xcarchive/Products/Applications/IndigoUnplugged.app/Frameworks/FMDB.framework'>'> to: /var/folders/xd/t3nd1_1n3kz1nxjr6qjqz4_40000gn/T/XcodeDistPipeline.KDU/entitlementsAei11p
2017-12-13 09:47:09 +0000  Running /usr/bin/codesign '-vvv' '--force' '--sign' '9A811F6382CCB295E0D1F4F762BF08DE2735E04B' '--preserve-metadata=identifier,flags' '--entitlements' '/var/folders/xd/t3nd1_1n3kz1nxjr6qjqz4_40000gn/T/XcodeDistPipeline.KDU/entitlementsAei11p' '/var/folders/xd/t3nd1_1n3kz1nxjr6qjqz4_40000gn/T/XcodeDistPipeline.KDU/Root/Payload/IndigoUnplugged.app/Frameworks/FMDB.framework'
2017-12-13 09:47:09 +0000  /var/folders/xd/t3nd1_1n3kz1nxjr6qjqz4_40000gn/T/XcodeDistPipeline.KDU/Root/Payload/IndigoUnplugged.app/Frameworks/FMDB.framework: signed bundle with Mach-O universal (armv7 arm64) [org.cocoapods.FMDB]
2017-12-13 09:47:09 +0000  /usr/bin/codesign exited with 0
2017-12-13 09:47:09 +0000  Applying entitlements delta for <IDEDistributionItem: 0x7fdcaa60c0d0 'org.cocoapods.LKDBHelper' '<DVTFilePath:0x7fdcae93eb80:'/Users/chaojie/Library/Developer/Xcode/Archives/2017-12-13/IndigoUnplugged 2017-12-13 下午5.43.xcarchive/Products/Applications/IndigoUnplugged.app/Frameworks/LKDBHelper.framework'>'> from <IDEiCloudEntitlementsProcessor: 0x7fdcb00dabd0>: {
}
2017-12-13 09:47:09 +0000  Entitlements for <IDEDistributionItem: 0x7fdcaa60c0d0 'org.cocoapods.LKDBHelper' '<DVTFilePath:0x7fdcae93eb80:'/Users/chaojie/Library/Developer/Xcode/Archives/2017-12-13/IndigoUnplugged 2017-12-13 下午5.43.xcarchive/Products/Applications/IndigoUnplugged.app/Frameworks/LKDBHelper.framework'>'>: {
}
2017-12-13 09:47:09 +0000  Writing entitlements for <IDEDistributionItem: 0x7fdcaa60c0d0 'org.cocoapods.LKDBHelper' '<DVTFilePath:0x7fdcae93eb80:'/Users/chaojie/Library/Developer/Xcode/Archives/2017-12-13/IndigoUnplugged 2017-12-13 下午5.43.xcarchive/Products/Applications/IndigoUnplugged.app/Frameworks/LKDBHelper.framework'>'> to: /var/folders/xd/t3nd1_1n3kz1nxjr6qjqz4_40000gn/T/XcodeDistPipeline.KDU/entitlementsdTmVd5
2017-12-13 09:47:09 +0000  Running /usr/bin/codesign '-vvv' '--force' '--sign' '9A811F6382CCB295E0D1F4F762BF08DE2735E04B' '--preserve-metadata=identifier,flags' '--entitlements' '/var/folders/xd/t3nd1_1n3kz1nxjr6qjqz4_40000gn/T/XcodeDistPipeline.KDU/entitlementsdTmVd5' '/var/folders/xd/t3nd1_1n3kz1nxjr6qjqz4_40000gn/T/XcodeDistPipeline.KDU/Root/Payload/IndigoUnplugged.app/Frameworks/LKDBHelper.framework'
2017-12-13 09:47:09 +0000  /var/folders/xd/t3nd1_1n3kz1nxjr6qjqz4_40000gn/T/XcodeDistPipeline.KDU/Root/Payload/IndigoUnplugged.app/Frameworks/LKDBHelper.framework: signed bundle with Mach-O universal (armv7 arm64) [org.cocoapods.LKDBHelper]
2017-12-13 09:47:09 +0000  /usr/bin/codesign exited with 0
2017-12-13 09:47:09 +0000  Applying entitlements delta for <IDEDistributionItem: 0x7fdcb2fcb5d0 'com.Indigo.IndigoUnpluggedPro' '<DVTFilePath:0x7fdc983cfab0:'/Users/chaojie/Library/Developer/Xcode/Archives/2017-12-13/IndigoUnplugged 2017-12-13 下午5.43.xcarchive/Products/Applications/IndigoUnplugged.app'>'> from <IDEiCloudEntitlementsProcessor: 0x7fdcb86772e0>: {
}
2017-12-13 09:47:09 +0000  Entitlements for <IDEDistributionItem: 0x7fdcb2fcb5d0 'com.Indigo.IndigoUnpluggedPro' '<DVTFilePath:0x7fdc983cfab0:'/Users/chaojie/Library/Developer/Xcode/Archives/2017-12-13/IndigoUnplugged 2017-12-13 下午5.43.xcarchive/Products/Applications/IndigoUnplugged.app'>'>: {
    "application-identifier" = "SQH5JS2X8A.com.Indigo.IndigoUnpluggedPro";
    "beta-reports-active" = 1;
    "com.apple.developer.team-identifier" = SQH5JS2X8A;
    "get-task-allow" = 0;
    "keychain-access-groups" =     (
        "SQH5JS2X8A.com.Indigo.IndigoUnpluggedPro"
    );
}
2017-12-13 09:47:09 +0000  Writing entitlements for <IDEDistributionItem: 0x7fdcb2fcb5d0 'com.Indigo.IndigoUnpluggedPro' '<DVTFilePath:0x7fdc983cfab0:'/Users/chaojie/Library/Developer/Xcode/Archives/2017-12-13/IndigoUnplugged 2017-12-13 下午5.43.xcarchive/Products/Applications/IndigoUnplugged.app'>'> to: /var/folders/xd/t3nd1_1n3kz1nxjr6qjqz4_40000gn/T/XcodeDistPipeline.KDU/entitlementsxcDspd
2017-12-13 09:47:09 +0000  Running /usr/bin/codesign '-vvv' '--force' '--sign' '9A811F6382CCB295E0D1F4F762BF08DE2735E04B' '--preserve-metadata=identifier,flags' '--entitlements' '/var/folders/xd/t3nd1_1n3kz1nxjr6qjqz4_40000gn/T/XcodeDistPipeline.KDU/entitlementsxcDspd' '/var/folders/xd/t3nd1_1n3kz1nxjr6qjqz4_40000gn/T/XcodeDistPipeline.KDU/Root/Payload/IndigoUnplugged.app'
2017-12-13 09:47:10 +0000  /var/folders/xd/t3nd1_1n3kz1nxjr6qjqz4_40000gn/T/XcodeDistPipeline.KDU/Root/Payload/IndigoUnplugged.app: signed app bundle with Mach-O universal (armv7 arm64) [com.Indigo.IndigoUnpluggedPro]
2017-12-13 09:47:10 +0000  /usr/bin/codesign exited with 0
2017-12-13 09:47:10 +0000  Processing step: IDEDistributionStreamingZipItemStep
2017-12-13 09:47:10 +0000  Skipping step: IDEDistributionStreamingZipItemStep because it said so
2017-12-13 09:47:10 +0000  Skipping step: IDEDistributionStreamingZipItemStep because it said so
2017-12-13 09:47:10 +0000  Skipping step: IDEDistributionStreamingZipItemStep because it said so
2017-12-13 09:47:10 +0000  Processing step: IDEDistributionCreateIPAStep
2017-12-13 09:47:10 +0000  Running /usr/bin/ditto '-V' '-c' '-k' '--norsrc' '/var/folders/xd/t3nd1_1n3kz1nxjr6qjqz4_40000gn/T/XcodeDistPipeline.KDU/Root' '/var/folders/xd/t3nd1_1n3kz1nxjr6qjqz4_40000gn/T/XcodeDistPipeline.KDU/Packages/IndigoUnplugged.ipa'
2017-12-13 09:47:10 +0000  >>> Copying /var/folders/xd/t3nd1_1n3kz1nxjr6qjqz4_40000gn/T/XcodeDistPipeline.KDU/Root 
2017-12-13 09:47:10 +0000  
2017-12-13 09:47:10 +0000  copying file ./BCSymbolMaps/5F5D7B60-6750-30B2-9384-7CECF42E220E.bcsymbolmap ... 
2017-12-13 09:47:10 +0000  48178 bytes for ./BCSymbolMaps/5F5D7B60-6750-30B2-9384-7CECF42E220E.bcsymbolmap
copying file ./BCSymbolMaps/77CE8C50-26E6-3880-9404-0A0F3F0BD251.bcsymbolmap ... 
2017-12-13 09:47:10 +0000  47982 bytes for ./BCSymbolMaps/77CE8C50-26E6-3880-9404-0A0F3F0BD251.bcsymbolmap
copying file ./BCSymbolMaps/86509BB2-33EB-39AC-910F-4B452F3D4765.bcsymbolmap ... 
2017-12-13 09:47:10 +0000  33119 bytes for ./BCSymbolMaps/86509BB2-33EB-39AC-910F-4B452F3D4765.bcsymbolmap
copying file ./BCSymbolMaps/8A4BED7F-6777-3D3E-9548-EC96EDEBE47C.bcsymbolmap ... 
2017-12-13 09:47:10 +0000  30307 bytes for ./BCSymbolMaps/8A4BED7F-6777-3D3E-9548-EC96EDEBE47C.bcsymbolmap
copying file ./BCSymbolMaps/9EEA9571-599A-3A8F-9DEB-D7D9EB8D71A0.bcsymbolmap ... 
2017-12-13 09:47:10 +0000  22982 bytes for ./BCSymbolMaps/9EEA9571-599A-3A8F-9DEB-D7D9EB8D71A0.bcsymbolmap
copying file ./BCSymbolMaps/DCAC930D-E273-3024-A1BB-03F1B87D3C7A.bcsymbolmap ... 
2017-12-13 09:47:10 +0000  19990 bytes for ./BCSymbolMaps/DCAC930D-E273-3024-A1BB-03F1B87D3C7A.bcsymbolmap
2017-12-13 09:47:10 +0000  copying file ./Payload/IndigoUnplugged.app/_CodeSignature/CodeResources ... 
2017-12-13 09:47:10 +0000  75642 bytes for ./Payload/IndigoUnplugged.app/_CodeSignature/CodeResources
2017-12-13 09:47:10 +0000  copying file ./Payload/IndigoUnplugged.app/addplanofcare.html ... 
2017-12-13 09:47:10 +0000  26860 bytes for ./Payload/IndigoUnplugged.app/addplanofcare.html
copying file ./Payload/IndigoUnplugged.app/allergy.html ... 
2017-12-13 09:47:10 +0000  33662 bytes for ./Payload/IndigoUnplugged.app/allergy.html
2017-12-13 09:47:10 +0000  copying file ./Payload/IndigoUnplugged.app/AppIcon29x29@2x~ipad.png ... 
3907 bytes for ./Payload/IndigoUnplugged.app/AppIcon29x29@2x~ipad.png
copying file ./Payload/IndigoUnplugged.app/AppIcon29x29~ipad.png ... 
2017-12-13 09:47:10 +0000  2025 bytes for ./Payload/IndigoUnplugged.app/AppIcon29x29~ipad.png
copying file ./Payload/IndigoUnplugged.app/AppIcon40x40@2x~ipad.png ... 
6172 bytes for ./Payload/IndigoUnplugged.app/AppIcon40x40@2x~ipad.png
copying file ./Payload/IndigoUnplugged.app/AppIcon40x40~ipad.png ... 
2017-12-13 09:47:10 +0000  2693 bytes for ./Payload/IndigoUnplugged.app/AppIcon40x40~ipad.png
copying file ./Payload/IndigoUnplugged.app/AppIcon50x50@2x~ipad.png ... 
2017-12-13 09:47:10 +0000  8038 bytes for ./Payload/IndigoUnplugged.app/AppIcon50x50@2x~ipad.png
copying file ./Payload/IndigoUnplugged.app/AppIcon50x50~ipad.png ... 
2017-12-13 09:47:10 +0000  3311 bytes for ./Payload/IndigoUnplugged.app/AppIcon50x50~ipad.png
copying file ./Payload/IndigoUnplugged.app/AppIcon72x72@2x~ipad.png ... 
2017-12-13 09:47:10 +0000  14254 bytes for ./Payload/IndigoUnplugged.app/AppIcon72x72@2x~ipad.png
copying file ./Payload/IndigoUnplugged.app/AppIcon72x72~ipad.png ... 
2017-12-13 09:47:10 +0000  5309 bytes for ./Payload/IndigoUnplugged.app/AppIcon72x72~ipad.png
copying file ./Payload/IndigoUnplugged.app/AppIcon76x76@2x~ipad.png ... 
2017-12-13 09:47:10 +0000  15436 bytes for ./Payload/IndigoUnplugged.app/AppIcon76x76@2x~ipad.png
copying file ./Payload/IndigoUnplugged.app/AppIcon76x76~ipad.png ... 
2017-12-13 09:47:10 +0000  5651 bytes for ./Payload/IndigoUnplugged.app/AppIcon76x76~ipad.png
copying file ./Payload/IndigoUnplugged.app/archived-expanded-entitlements.xcent ... 
2017-12-13 09:47:10 +0000  396 bytes for ./Payload/IndigoUnplugged.app/archived-expanded-entitlements.xcent
copying file ./Payload/IndigoUnplugged.app/arrival.html ... 
2017-12-13 09:47:10 +0000  33883 bytes for ./Payload/IndigoUnplugged.app/arrival.html
copying file ./Payload/IndigoUnplugged.app/Assets.car ... 
2017-12-13 09:47:10 +0000  98408 bytes for ./Payload/IndigoUnplugged.app/Assets.car
copying file ./Payload/IndigoUnplugged.app/assets.js ... 
2017-12-13 09:47:10 +0000  9064 bytes for ./Payload/IndigoUnplugged.app/assets.js
copying file ./Payload/IndigoUnplugged.app/assets.log ... 
2017-12-13 09:47:10 +0000  9064 bytes for ./Payload/IndigoUnplugged.app/assets.log
copying file ./Payload/IndigoUnplugged.app/AvulsionOfNailPlate.html ... 
2017-12-13 09:47:10 +0000  38345 bytes for ./Payload/IndigoUnplugged.app/AvulsionOfNailPlate.html
copying file ./Payload/IndigoUnplugged.app/basic.css ... 
2017-12-13 09:47:10 +0000  21994 bytes for ./Payload/IndigoUnplugged.app/basic.css
copying file ./Payload/IndigoUnplugged.app/book.png ... 
2017-12-13 09:47:10 +0000  3187 bytes for ./Payload/IndigoUnplugged.app/book.png
copying file ./Payload/IndigoUnplugged.app/bootstrap-theme.css ... 
2017-12-13 09:47:10 +0000  14936 bytes for ./Payload/IndigoUnplugged.app/bootstrap-theme.css
copying file ./Payload/IndigoUnplugged.app/bootstrap.css ... 
2017-12-13 09:47:10 +0000  121175 bytes for ./Payload/IndigoUnplugged.app/bootstrap.css
copying file ./Payload/IndigoUnplugged.app/bootstrap.js ... 
2017-12-13 09:47:10 +0000  55258 bytes for ./Payload/IndigoUnplugged.app/bootstrap.js
copying file ./Payload/IndigoUnplugged.app/calendar.gif ... 
2017-12-13 09:47:10 +0000  614 bytes for ./Payload/IndigoUnplugged.app/calendar.gif
copying file ./Payload/IndigoUnplugged.app/camera.png ... 
3035 bytes for ./Payload/IndigoUnplugged.app/camera.png
2017-12-13 09:47:10 +0000  copying file ./Payload/IndigoUnplugged.app/cchpi.html ... 
2017-12-13 09:47:10 +0000  23331 bytes for ./Payload/IndigoUnplugged.app/cchpi.html
copying file ./Payload/IndigoUnplugged.app/charge.html ... 
2017-12-13 09:47:10 +0000  26795 bytes for ./Payload/IndigoUnplugged.app/charge.html
copying file ./Payload/IndigoUnplugged.app/charting.html ... 
2017-12-13 09:47:10 +0000  206572 bytes for ./Payload/IndigoUnplugged.app/charting.html
copying file ./Payload/IndigoUnplugged.app/chartingcategory.log ... 
2017-12-13 09:47:10 +0000  241782 bytes for ./Payload/IndigoUnplugged.app/chartingcategory.log
copying file ./Payload/IndigoUnplugged.app/ChartingHeaderBg.gif ... 
2017-12-13 09:47:10 +0000  145 bytes for ./Payload/IndigoUnplugged.app/ChartingHeaderBg.gif
copying file ./Payload/IndigoUnplugged.app/ChartingItem.gif ... 
54 bytes for ./Payload/IndigoUnplugged.app/ChartingItem.gif
copying file ./Payload/IndigoUnplugged.app/clnemcharge.html ... 
2017-12-13 09:47:10 +0000  49968 bytes for ./Payload/IndigoUnplugged.app/clnemcharge.html
copying file ./Payload/IndigoUnplugged.app/CommonList.png ... 
2017-12-13 09:47:10 +0000  8523 bytes for ./Payload/IndigoUnplugged.app/CommonList.png
copying file ./Payload/IndigoUnplugged.app/control_ctrlallergy.html ... 
2017-12-13 09:47:10 +0000  2672 bytes for ./Payload/IndigoUnplugged.app/control_ctrlallergy.html
copying file ./Payload/IndigoUnplugged.app/control_ctrlarrival.html ... 
2017-12-13 09:47:10 +0000  2524 bytes for ./Payload/IndigoUnplugged.app/control_ctrlarrival.html
copying file ./Payload/IndigoUnplugged.app/control_ctrlcchpi.html ... 
1450 bytes for ./Payload/IndigoUnplugged.app/control_ctrlcchpi.html
copying file ./Payload/IndigoUnplugged.app/control_ctrlcharge.html ... 
2017-12-13 09:47:10 +0000  2891 bytes for ./Payload/IndigoUnplugged.app/control_ctrlcharge.html
copying file ./Payload/IndigoUnplugged.app/control_ctrlclnemcharge.html ... 
1908 bytes for ./Payload/IndigoUnplugged.app/control_ctrlclnemcharge.html
copying file ./Payload/IndigoUnplugged.app/control_ctrldiagnosis.html ... 
2017-12-13 09:47:10 +0000  1448 bytes for ./Payload/IndigoUnplugged.app/control_ctrldiagnosis.html
copying file ./Payload/IndigoUnplugged.app/control_ctrldischargeorders.html ... 
2231 bytes for ./Payload/IndigoUnplugged.app/control_ctrldischargeorders.html
copying file ./Payload/IndigoUnplugged.app/control_ctrldisposition.html ... 
2017-12-13 09:47:10 +0000  2041 bytes for ./Payload/IndigoUnplugged.app/control_ctrldisposition.html
copying file ./Payload/IndigoUnplugged.app/control_ctrledema.html ... 
9250 bytes for ./Payload/IndigoUnplugged.app/control_ctrledema.html
copying file ./Payload/IndigoUnplugged.app/control_ctrlemcharge.html ... 
2017-12-13 09:47:10 +0000  1861 bytes for ./Payload/IndigoUnplugged.app/control_ctrlemcharge.html
copying file ./Payload/IndigoUnplugged.app/control_ctrlfamilyeducation.html ... 
1863 bytes for ./Payload/IndigoUnplugged.app/control_ctrlfamilyeducation.html
copying file ./Payload/IndigoUnplugged.app/control_ctrlhbo.html ... 
2017-12-13 09:47:10 +0000  5998 bytes for ./Payload/IndigoUnplugged.app/control_ctrlhbo.html
2017-12-13 09:47:10 +0000  copying file ./Payload/IndigoUnplugged.app/control_ctrlhistoryreview.html ... 
1153 bytes for ./Payload/IndigoUnplugged.app/control_ctrlhistoryreview.html
copying file ./Payload/IndigoUnplugged.app/control_ctrlmedication.html ... 
2017-12-13 09:47:10 +0000  3244 bytes for ./Payload/IndigoUnplugged.app/control_ctrlmedication.html
copying file ./Payload/IndigoUnplugged.app/control_ctrlneuropathy.html ... 
2017-12-13 09:47:10 +0000  2938 bytes for ./Payload/IndigoUnplugged.app/control_ctrlneuropathy.html
copying file ./Payload/IndigoUnplugged.app/control_ctrlnonwoundprocedure.html ... 
2017-12-13 09:47:10 +0000  11164 bytes for ./Payload/IndigoUnplugged.app/control_ctrlnonwoundprocedure.html
copying file ./Payload/IndigoUnplugged.app/control_ctrlnote.html ... 
2017-12-13 09:47:10 +0000  1444 bytes for ./Payload/IndigoUnplugged.app/control_ctrlnote.html
copying file ./Payload/IndigoUnplugged.app/control_ctrlorder.html ... 
2017-12-13 09:47:10 +0000  7472 bytes for ./Payload/IndigoUnplugged.app/control_ctrlorder.html
copying file ./Payload/IndigoUnplugged.app/control_ctrlostomy.html ... 
7096 bytes for ./Payload/IndigoUnplugged.app/control_ctrlostomy.html
copying file ./Payload/IndigoUnplugged.app/control_ctrlpain.html ... 
2017-12-13 09:47:10 +0000  1831 bytes for ./Payload/IndigoUnplugged.app/control_ctrlpain.html
copying file ./Payload/IndigoUnplugged.app/control_ctrlpe.html ... 
1281 bytes for ./Payload/IndigoUnplugged.app/control_ctrlpe.html
copying file ./Payload/IndigoUnplugged.app/control_ctrlpharmacy.html ... 
2017-12-13 09:47:10 +0000  1474 bytes for ./Payload/IndigoUnplugged.app/control_ctrlpharmacy.html
copying file ./Payload/IndigoUnplugged.app/control_ctrlplan.html ... 
2017-12-13 09:47:10 +0000  6610 bytes for ./Payload/IndigoUnplugged.app/control_ctrlplan.html
copying file ./Payload/IndigoUnplugged.app/control_ctrlplanofcare.html ... 
5393 bytes for ./Payload/IndigoUnplugged.app/control_ctrlplanofcare.html
copying file ./Payload/IndigoUnplugged.app/control_ctrlpmfshx.html ... 
2017-12-13 09:47:10 +0000  10374 bytes for ./Payload/IndigoUnplugged.app/control_ctrlpmfshx.html
copying file ./Payload/IndigoUnplugged.app/control_ctrlprescription.html ... 
2017-12-13 09:47:10 +0000  2463 bytes for ./Payload/IndigoUnplugged.app/control_ctrlprescription.html
copying file ./Payload/IndigoUnplugged.app/control_ctrlprocedure.html ... 
1304 bytes for ./Payload/IndigoUnplugged.app/control_ctrlprocedure.html
copying file ./Payload/IndigoUnplugged.app/control_ctrlros.html ... 
2017-12-13 09:47:10 +0000  1263 bytes for ./Payload/IndigoUnplugged.app/control_ctrlros.html
copying file ./Payload/IndigoUnplugged.app/control_ctrlsignoff.html ... 
1897 bytes for ./Payload/IndigoUnplugged.app/control_ctrlsignoff.html
copying file ./Payload/IndigoUnplugged.app/control_ctrltcom.html ... 
2017-12-13 09:47:10 +0000  10205 bytes for ./Payload/IndigoUnplugged.app/control_ctrltcom.html
copying file ./Payload/IndigoUnplugged.app/control_ctrlvascular.html ... 
2017-12-13 09:47:10 +0000  2487 bytes for ./Payload/IndigoUnplugged.app/control_ctrlvascular.html
copying file ./Payload/IndigoUnplugged.app/control_ctrlvitalsign.html ... 
2886 bytes for ./Payload/IndigoUnplugged.app/control_ctrlvitalsign.html
copying file ./Payload/IndigoUnplugged.app/control_ctrlwound.html ... 
2017-12-13 09:47:10 +0000  68620 bytes for ./Payload/IndigoUnplugged.app/control_ctrlwound.html
copying file ./Payload/IndigoUnplugged.app/controljs.log ... 
2017-12-13 09:47:10 +0000  3370 bytes for ./Payload/IndigoUnplugged.app/controljs.log
copying file ./Payload/IndigoUnplugged.app/controlstatus.log ... 
2017-12-13 09:47:10 +0000  4341 bytes for ./Payload/IndigoUnplugged.app/controlstatus.log
copying file ./Payload/IndigoUnplugged.app/diagnosis.html ... 
2017-12-13 09:47:10 +0000  25429 bytes for ./Payload/IndigoUnplugged.app/diagnosis.html
copying file ./Payload/IndigoUnplugged.app/dischargeorders.html ... 
2017-12-13 09:47:10 +0000  66756 bytes for ./Payload/IndigoUnplugged.app/dischargeorders.html
copying file ./Payload/IndigoUnplugged.app/disposition.html ... 
2017-12-13 09:47:10 +0000  29062 bytes for ./Payload/IndigoUnplugged.app/disposition.html
copying file ./Payload/IndigoUnplugged.app/dropdown_AllergyReaction.log ... 
2017-12-13 09:47:10 +0000  63077 bytes for ./Payload/IndigoUnplugged.app/dropdown_AllergyReaction.log
copying file ./Payload/IndigoUnplugged.app/dropdown_CLNEMCharge.log ... 
2017-12-13 09:47:10 +0000  25601 bytes for ./Payload/IndigoUnplugged.app/dropdown_CLNEMCharge.log
2017-12-13 09:47:10 +0000  copying file ./Payload/IndigoUnplugged.app/dropdown_commonlistAllergy.log ... 
2017-12-13 09:47:10 +0000  2222487 bytes for ./Payload/IndigoUnplugged.app/dropdown_commonlistAllergy.log
copying file ./Payload/IndigoUnplugged.app/dropdown_commonlistDiagnosis.log ... 
2017-12-13 09:47:10 +0000  39156 bytes for ./Payload/IndigoUnplugged.app/dropdown_commonlistDiagnosis.log
copying file ./Payload/IndigoUnplugged.app/dropdown_commonlistMedication.log ... 
2017-12-13 09:47:10 +0000  12322043 bytes for ./Payload/IndigoUnplugged.app/dropdown_commonlistMedication.log
copying file ./Payload/IndigoUnplugged.app/dropdown_DXDescription.log ... 
2017-12-13 09:47:10 +0000  1826236 bytes for ./Payload/IndigoUnplugged.app/dropdown_DXDescription.log
copying file ./Payload/IndigoUnplugged.app/dropdown_EdemaBodyType.log ... 
2017-12-13 09:47:10 +0000  14742 bytes for ./Payload/IndigoUnplugged.app/dropdown_EdemaBodyType.log
copying file ./Payload/IndigoUnplugged.app/dropdown_ModelInfo.log ... 
626 bytes for ./Payload/IndigoUnplugged.app/dropdown_ModelInfo.log
copying file ./Payload/IndigoUnplugged.app/dropdown_OrderedBy.log ... 
2017-12-13 09:47:10 +0000  22229 bytes for ./Payload/IndigoUnplugged.app/dropdown_OrderedBy.log
copying file ./Payload/IndigoUnplugged.app/dropdown_OrderList.log ... 
2017-12-13 09:47:10 +0000  1541239 bytes for ./Payload/IndigoUnplugged.app/dropdown_OrderList.log
copying file ./Payload/IndigoUnplugged.app/dropdown_PE.log ... 
2017-12-13 09:47:10 +0000  596418 bytes for ./Payload/IndigoUnplugged.app/dropdown_PE.log
copying file ./Payload/IndigoUnplugged.app/dropdown_PerformedBy.log ... 
2017-12-13 09:47:10 +0000  22299 bytes for ./Payload/IndigoUnplugged.app/dropdown_PerformedBy.log
copying file ./Payload/IndigoUnplugged.app/dropdown_Pharmacy.log ... 
2017-12-13 09:47:10 +0000  250059 bytes for ./Payload/IndigoUnplugged.app/dropdown_Pharmacy.log
copying file ./Payload/IndigoUnplugged.app/dropdown_PressureSetting.log ... 
2017-12-13 09:47:10 +0000  19888 bytes for ./Payload/IndigoUnplugged.app/dropdown_PressureSetting.log
copying file ./Payload/IndigoUnplugged.app/dropdown_Procedure.log ... 
2017-12-13 09:47:10 +0000  16900 bytes for ./Payload/IndigoUnplugged.app/dropdown_Procedure.log
copying file ./Payload/IndigoUnplugged.app/dropdown_ROS.log ... 
2017-12-13 09:47:10 +0000  409588 bytes for ./Payload/IndigoUnplugged.app/dropdown_ROS.log
copying file ./Payload/IndigoUnplugged.app/dropdown_SmokingStatus.log ... 
2017-12-13 09:47:10 +0000  23854 bytes for ./Payload/IndigoUnplugged.app/dropdown_SmokingStatus.log
copying file ./Payload/IndigoUnplugged.app/dropdown_SocialHistory.log ... 
2017-12-13 09:47:10 +0000  19227 bytes for ./Payload/IndigoUnplugged.app/dropdown_SocialHistory.log
copying file ./Payload/IndigoUnplugged.app/dropdown_Surgical.log ... 
2017-12-13 09:47:10 +0000  42515 bytes for ./Payload/IndigoUnplugged.app/dropdown_Surgical.log
copying file ./Payload/IndigoUnplugged.app/dropdownjs.log ... 
2017-12-13 09:47:10 +0000  1666 bytes for ./Payload/IndigoUnplugged.app/dropdownjs.log
copying file ./Payload/IndigoUnplugged.app/dropdownstatus.log ... 
2208 bytes for ./Payload/IndigoUnplugged.app/dropdownstatus.log
copying file ./Payload/IndigoUnplugged.app/edemaAssessment.html ... 
2017-12-13 09:47:10 +0000  25354 bytes for ./Payload/IndigoUnplugged.app/edemaAssessment.html
copying file ./Payload/IndigoUnplugged.app/edemaControl.html ... 
2017-12-13 09:47:10 +0000  33033 bytes for ./Payload/IndigoUnplugged.app/edemaControl.html
copying file ./Payload/IndigoUnplugged.app/edemaMeas.html ... 
2017-12-13 09:47:10 +0000  21227 bytes for ./Payload/IndigoUnplugged.app/edemaMeas.html
copying file ./Payload/IndigoUnplugged.app/edemaPictures.html ... 
2017-12-13 09:47:10 +0000  20151 bytes for ./Payload/IndigoUnplugged.app/edemaPictures.html
copying file ./Payload/IndigoUnplugged.app/embedded.mobileprovision ... 
2017-12-13 09:47:10 +0000  9477 bytes for ./Payload/IndigoUnplugged.app/embedded.mobileprovision
copying file ./Payload/IndigoUnplugged.app/emcharge.html ... 
2017-12-13 09:47:10 +0000  24255 bytes for ./Payload/IndigoUnplugged.app/emcharge.html
2017-12-13 09:47:10 +0000  copying file ./Payload/IndigoUnplugged.app/en.lproj/InfoPlist.strings ... 
42 bytes for ./Payload/IndigoUnplugged.app/en.lproj/InfoPlist.strings
copying file ./Payload/IndigoUnplugged.app/Facility_iPad.nib ... 
2017-12-13 09:47:10 +0000  4076 bytes for ./Payload/IndigoUnplugged.app/Facility_iPad.nib
copying file ./Payload/IndigoUnplugged.app/family.html ... 
2017-12-13 09:47:10 +0000  95705 bytes for ./Payload/IndigoUnplugged.app/family.html
copying file ./Payload/IndigoUnplugged.app/familyeducation.html ... 
2017-12-13 09:47:10 +0000  40767 bytes for ./Payload/IndigoUnplugged.app/familyeducation.html
copying file ./Payload/IndigoUnplugged.app/files.html ... 
2017-12-13 09:47:10 +0000  11824 bytes for ./Payload/IndigoUnplugged.app/files.html
copying file ./Payload/IndigoUnplugged.app/film-roll.png ... 
2017-12-13 09:47:10 +0000  3010 bytes for ./Payload/IndigoUnplugged.app/film-roll.png
copying file ./Payload/IndigoUnplugged.app/Flags_2.gif ... 
2017-12-13 09:47:10 +0000  1199 bytes for ./Payload/IndigoUnplugged.app/Flags_2.gif
copying file ./Payload/IndigoUnplugged.app/Frameworks/FMDB.framework/_CodeSignature/CodeResources ... 
2017-12-13 09:47:10 +0000  2202 bytes for ./Payload/IndigoUnplugged.app/Frameworks/FMDB.framework/_CodeSignature/CodeResources
copying file ./Payload/IndigoUnplugged.app/Frameworks/FMDB.framework/FMDB ... 
2017-12-13 09:47:10 +0000  680224 bytes for ./Payload/IndigoUnplugged.app/Frameworks/FMDB.framework/FMDB
copying file ./Payload/IndigoUnplugged.app/Frameworks/FMDB.framework/Info.plist ... 
2017-12-13 09:47:10 +0000  727 bytes for ./Payload/IndigoUnplugged.app/Frameworks/FMDB.framework/Info.plist
2017-12-13 09:47:10 +0000  copying file ./Payload/IndigoUnplugged.app/Frameworks/LKDBHelper.framework/_CodeSignature/CodeResources ... 
2017-12-13 09:47:10 +0000  2202 bytes for ./Payload/IndigoUnplugged.app/Frameworks/LKDBHelper.framework/_CodeSignature/CodeResources
copying file ./Payload/IndigoUnplugged.app/Frameworks/LKDBHelper.framework/Info.plist ... 
739 bytes for ./Payload/IndigoUnplugged.app/Frameworks/LKDBHelper.framework/Info.plist
copying file ./Payload/IndigoUnplugged.app/Frameworks/LKDBHelper.framework/LKDBHelper ... 
2017-12-13 09:47:10 +0000  904672 bytes for ./Payload/IndigoUnplugged.app/Frameworks/LKDBHelper.framework/LKDBHelper
2017-12-13 09:47:10 +0000  copying file ./Payload/IndigoUnplugged.app/glyphicons-halflings-regular.eot ... 
2017-12-13 09:47:10 +0000  20335 bytes for ./Payload/IndigoUnplugged.app/glyphicons-halflings-regular.eot
2017-12-13 09:47:10 +0000  copying file ./Payload/IndigoUnplugged.app/glyphicons-halflings-regular.svg ... 
2017-12-13 09:47:10 +0000  62927 bytes for ./Payload/IndigoUnplugged.app/glyphicons-halflings-regular.svg
2017-12-13 09:47:10 +0000  copying file ./Payload/IndigoUnplugged.app/glyphicons-halflings-regular.ttf ... 
2017-12-13 09:47:10 +0000  41280 bytes for ./Payload/IndigoUnplugged.app/glyphicons-halflings-regular.ttf
copying file ./Payload/IndigoUnplugged.app/glyphicons-halflings-regular.woff ... 
2017-12-13 09:47:10 +0000  23320 bytes for ./Payload/IndigoUnplugged.app/glyphicons-halflings-regular.woff
copying file ./Payload/IndigoUnplugged.app/hbo.html ... 
2017-12-13 09:47:10 +0000  20076 bytes for ./Payload/IndigoUnplugged.app/hbo.html
copying file ./Payload/IndigoUnplugged.app/hbonotes.html ... 
2017-12-13 09:47:10 +0000  20075 bytes for ./Payload/IndigoUnplugged.app/hbonotes.html
copying file ./Payload/IndigoUnplugged.app/hboposttreatment.html ... 
2017-12-13 09:47:10 +0000  56522 bytes for ./Payload/IndigoUnplugged.app/hboposttreatment.html
copying file ./Payload/IndigoUnplugged.app/hbopretreatment.html ... 
2017-12-13 09:47:10 +0000  63243 bytes for ./Payload/IndigoUnplugged.app/hbopretreatment.html
copying file ./Payload/IndigoUnplugged.app/hbotreatmendetails.html ... 
2017-12-13 09:47:10 +0000  39066 bytes for ./Payload/IndigoUnplugged.app/hbotreatmendetails.html
copying file ./Payload/IndigoUnplugged.app/hbotreatmentcourse.html ... 
2017-12-13 09:47:10 +0000  23034 bytes for ./Payload/IndigoUnplugged.app/hbotreatmentcourse.html
copying file ./Payload/IndigoUnplugged.app/historyreview.html ... 
2017-12-13 09:47:10 +0000  18203 bytes for ./Payload/IndigoUnplugged.app/historyreview.html
copying file ./Payload/IndigoUnplugged.app/home.html ... 
2017-12-13 09:47:10 +0000  15957 bytes for ./Payload/IndigoUnplugged.app/home.html
copying file ./Payload/IndigoUnplugged.app/home.png ... 
2017-12-13 09:47:10 +0000  2883 bytes for ./Payload/IndigoUnplugged.app/home.png
copying file ./Payload/IndigoUnplugged.app/Icon-1024.png ... 
2017-12-13 09:47:10 +0000  24868 bytes for ./Payload/IndigoUnplugged.app/Icon-1024.png
copying file ./Payload/IndigoUnplugged.app/Icon-72.png ... 
2017-12-13 09:47:10 +0000  4460 bytes for ./Payload/IndigoUnplugged.app/Icon-72.png
copying file ./Payload/IndigoUnplugged.app/Icon-72@2x.png ... 
2017-12-13 09:47:10 +0000  13405 bytes for ./Payload/IndigoUnplugged.app/Icon-72@2x.png
2017-12-13 09:47:10 +0000  copying file ./Payload/IndigoUnplugged.app/Icon-76.png ... 
4802 bytes for ./Payload/IndigoUnplugged.app/Icon-76.png
copying file ./Payload/IndigoUnplugged.app/Icon-76@2x.png ... 
2017-12-13 09:47:10 +0000  14587 bytes for ./Payload/IndigoUnplugged.app/Icon-76@2x.png
copying file ./Payload/IndigoUnplugged.app/Icon-Small-50.png ... 
2017-12-13 09:47:10 +0000  2462 bytes for ./Payload/IndigoUnplugged.app/Icon-Small-50.png
copying file ./Payload/IndigoUnplugged.app/Icon-Small-50@2x.png ... 
2017-12-13 09:47:10 +0000  7189 bytes for ./Payload/IndigoUnplugged.app/Icon-Small-50@2x.png
copying file ./Payload/IndigoUnplugged.app/Icon-Small.png ... 
1176 bytes for ./Payload/IndigoUnplugged.app/Icon-Small.png
copying file ./Payload/IndigoUnplugged.app/Icon-Small@2x.png ... 
2017-12-13 09:47:10 +0000  3058 bytes for ./Payload/IndigoUnplugged.app/Icon-Small@2x.png
copying file ./Payload/IndigoUnplugged.app/Icon.png ... 
3052 bytes for ./Payload/IndigoUnplugged.app/Icon.png
copying file ./Payload/IndigoUnplugged.app/Icon@2x.png ... 
2017-12-13 09:47:10 +0000  8168 bytes for ./Payload/IndigoUnplugged.app/Icon@2x.png
2017-12-13 09:47:10 +0000  copying file ./Payload/IndigoUnplugged.app/Indigo.momd/Indigo.mom ... 
513 bytes for ./Payload/IndigoUnplugged.app/Indigo.momd/Indigo.mom
copying file ./Payload/IndigoUnplugged.app/Indigo.momd/Indigo.omo ... 
2017-12-13 09:47:10 +0000  696 bytes for ./Payload/IndigoUnplugged.app/Indigo.momd/Indigo.omo
copying file ./Payload/IndigoUnplugged.app/Indigo.momd/VersionInfo.plist ... 
149 bytes for ./Payload/IndigoUnplugged.app/Indigo.momd/VersionInfo.plist
copying file ./Payload/IndigoUnplugged.app/indigo_logo.gif ... 
2017-12-13 09:47:10 +0000  15924 bytes for ./Payload/IndigoUnplugged.app/indigo_logo.gif
copying file ./Payload/IndigoUnplugged.app/IndigoUnplugged ... 
2017-12-13 09:47:10 +0000  2730912 bytes for ./Payload/IndigoUnplugged.app/IndigoUnplugged
copying file ./Payload/IndigoUnplugged.app/Info.plist ... 
2017-12-13 09:47:10 +0000  1711 bytes for ./Payload/IndigoUnplugged.app/Info.plist
copying file ./Payload/IndigoUnplugged.app/itemNeuropathyAssessment.png ... 
2969 bytes for ./Payload/IndigoUnplugged.app/itemNeuropathyAssessment.png
copying file ./Payload/IndigoUnplugged.app/jquery-2.1.0.min.js ... 
2017-12-13 09:47:10 +0000  127326 bytes for ./Payload/IndigoUnplugged.app/jquery-2.1.0.min.js
copying file ./Payload/IndigoUnplugged.app/jquery.mobile-1.4.2.min.css ... 
2017-12-13 09:47:10 +0000  207012 bytes for ./Payload/IndigoUnplugged.app/jquery.mobile-1.4.2.min.css
copying file ./Payload/IndigoUnplugged.app/jquery.mobile-1.4.2.min.js ... 
2017-12-13 09:47:10 +0000  195662 bytes for ./Payload/IndigoUnplugged.app/jquery.mobile-1.4.2.min.js
copying file ./Payload/IndigoUnplugged.app/json2.js ... 
2017-12-13 09:47:10 +0000  17524 bytes for ./Payload/IndigoUnplugged.app/json2.js
copying file ./Payload/IndigoUnplugged.app/LKDBEmbed.db ... 
2017-12-13 09:47:10 +0000  6840320 bytes for ./Payload/IndigoUnplugged.app/LKDBEmbed.db
copying file ./Payload/IndigoUnplugged.app/lock.png ... 
2017-12-13 09:47:10 +0000  2965 bytes for ./Payload/IndigoUnplugged.app/lock.png
copying file ./Payload/IndigoUnplugged.app/Login_iPad.nib ... 
2017-12-13 09:47:10 +0000  4285 bytes for ./Payload/IndigoUnplugged.app/Login_iPad.nib
copying file ./Payload/IndigoUnplugged.app/Main_iPad.nib ... 
2017-12-13 09:47:10 +0000  4744 bytes for ./Payload/IndigoUnplugged.app/Main_iPad.nib
copying file ./Payload/IndigoUnplugged.app/MainWindow_iPad.nib ... 
888 bytes for ./Payload/IndigoUnplugged.app/MainWindow_iPad.nib
copying file ./Payload/IndigoUnplugged.app/medical.html ... 
2017-12-13 09:47:10 +0000  38387 bytes for ./Payload/IndigoUnplugged.app/medical.html
copying file ./Payload/IndigoUnplugged.app/medication.html ... 
2017-12-13 09:47:10 +0000  33754 bytes for ./Payload/IndigoUnplugged.app/medication.html
2017-12-13 09:47:10 +0000  copying file ./Payload/IndigoUnplugged.app/meiomask.min.js ... 
2017-12-13 09:47:10 +0000  10705 bytes for ./Payload/IndigoUnplugged.app/meiomask.min.js
copying file ./Payload/IndigoUnplugged.app/microphone.png ... 
2017-12-13 09:47:10 +0000  3000 bytes for ./Payload/IndigoUnplugged.app/microphone.png
copying file ./Payload/IndigoUnplugged.app/MJRefresh.bundle/arrow@2x.png ... 
2017-12-13 09:47:10 +0000  1033 bytes for ./Payload/IndigoUnplugged.app/MJRefresh.bundle/arrow@2x.png
copying file ./Payload/IndigoUnplugged.app/MJRefresh.bundle/en.lproj/Localizable.strings ... 
1372 bytes for ./Payload/IndigoUnplugged.app/MJRefresh.bundle/en.lproj/Localizable.strings
2017-12-13 09:47:10 +0000  copying file ./Payload/IndigoUnplugged.app/MJRefresh.bundle/zh-Hans.lproj/Localizable.strings ... 
1350 bytes for ./Payload/IndigoUnplugged.app/MJRefresh.bundle/zh-Hans.lproj/Localizable.strings
copying file ./Payload/IndigoUnplugged.app/MJRefresh.bundle/zh-Hant.lproj/Localizable.strings ... 
773 bytes for ./Payload/IndigoUnplugged.app/MJRefresh.bundle/zh-Hant.lproj/Localizable.strings
copying file ./Payload/IndigoUnplugged.app/NABgImg.jpg ... 
2017-12-13 09:47:10 +0000  52343 bytes for ./Payload/IndigoUnplugged.app/NABgImg.jpg
copying file ./Payload/IndigoUnplugged.app/neuropathy.html ... 
2017-12-13 09:47:10 +0000  32108 bytes for ./Payload/IndigoUnplugged.app/neuropathy.html
2017-12-13 09:47:10 +0000  copying file ./Payload/IndigoUnplugged.app/nophoto.gif ... 
2981 bytes for ./Payload/IndigoUnplugged.app/nophoto.gif
2017-12-13 09:47:10 +0000  copying file ./Payload/IndigoUnplugged.app/note.html ... 
2017-12-13 09:47:10 +0000  20600 bytes for ./Payload/IndigoUnplugged.app/note.html
copying file ./Payload/IndigoUnplugged.app/Offline_iPad.nib ... 
2017-12-13 09:47:10 +0000  2214 bytes for ./Payload/IndigoUnplugged.app/Offline_iPad.nib
copying file ./Payload/IndigoUnplugged.app/order.html ... 
2017-12-13 09:47:10 +0000  26954 bytes for ./Payload/IndigoUnplugged.app/order.html
copying file ./Payload/IndigoUnplugged.app/ordercancelled.html ... 
2017-12-13 09:47:10 +0000  22346 bytes for ./Payload/IndigoUnplugged.app/ordercancelled.html
copying file ./Payload/IndigoUnplugged.app/ordercategory.log ... 
2017-12-13 09:47:10 +0000  33921 bytes for ./Payload/IndigoUnplugged.app/ordercategory.log
copying file ./Payload/IndigoUnplugged.app/ordercompleted.html ... 
2017-12-13 09:47:10 +0000  22320 bytes for ./Payload/IndigoUnplugged.app/ordercompleted.html
copying file ./Payload/IndigoUnplugged.app/ordernote.html ... 
2017-12-13 09:47:10 +0000  22324 bytes for ./Payload/IndigoUnplugged.app/ordernote.html
copying file ./Payload/IndigoUnplugged.app/orderreviewed.html ... 
2017-12-13 09:47:10 +0000  22341 bytes for ./Payload/IndigoUnplugged.app/orderreviewed.html
copying file ./Payload/IndigoUnplugged.app/ostomy.html ... 
2017-12-13 09:47:10 +0000  23936 bytes for ./Payload/IndigoUnplugged.app/ostomy.html
copying file ./Payload/IndigoUnplugged.app/OstomyMgmtDescription.html ... 
2017-12-13 09:47:10 +0000  29320 bytes for ./Payload/IndigoUnplugged.app/OstomyMgmtDescription.html
copying file ./Payload/IndigoUnplugged.app/OstomyMgmtIntervention.html ... 
2017-12-13 09:47:10 +0000  26948 bytes for ./Payload/IndigoUnplugged.app/OstomyMgmtIntervention.html
copying file ./Payload/IndigoUnplugged.app/OstomyMgmtNotes.html ... 
2017-12-13 09:47:10 +0000  20857 bytes for ./Payload/IndigoUnplugged.app/OstomyMgmtNotes.html
copying file ./Payload/IndigoUnplugged.app/OstomyMgmtPictures.html ... 
2017-12-13 09:47:10 +0000  20478 bytes for ./Payload/IndigoUnplugged.app/OstomyMgmtPictures.html
copying file ./Payload/IndigoUnplugged.app/OstomyMgmtStatus.html ... 
2017-12-13 09:47:10 +0000  24992 bytes for ./Payload/IndigoUnplugged.app/OstomyMgmtStatus.html
copying file ./Payload/IndigoUnplugged.app/pain.html ... 
2017-12-13 09:47:10 +0000  28371 bytes for ./Payload/IndigoUnplugged.app/pain.html
copying file ./Payload/IndigoUnplugged.app/patient.html ... 
2017-12-13 09:47:10 +0000  24448 bytes for ./Payload/IndigoUnplugged.app/patient.html
2017-12-13 09:47:10 +0000  copying file ./Payload/IndigoUnplugged.app/patients.png ... 
3216 bytes for ./Payload/IndigoUnplugged.app/patients.png
copying file ./Payload/IndigoUnplugged.app/pe.html ... 
2017-12-13 09:47:10 +0000  56857 bytes for ./Payload/IndigoUnplugged.app/pe.html
copying file ./Payload/IndigoUnplugged.app/pharmacy.html ... 
2017-12-13 09:47:10 +0000  27383 bytes for ./Payload/IndigoUnplugged.app/pharmacy.html
copying file ./Payload/IndigoUnplugged.app/picture.png ... 
2017-12-13 09:47:10 +0000  2968 bytes for ./Payload/IndigoUnplugged.app/picture.png
copying file ./Payload/IndigoUnplugged.app/PkgInfo ... 
8 bytes for ./Payload/IndigoUnplugged.app/PkgInfo
copying file ./Payload/IndigoUnplugged.app/plan.html ... 
2017-12-13 09:47:10 +0000  18777 bytes for ./Payload/IndigoUnplugged.app/plan.html
copying file ./Payload/IndigoUnplugged.app/planofcare.html ... 
2017-12-13 09:47:10 +0000  4742 bytes for ./Payload/IndigoUnplugged.app/planofcare.html
copying file ./Payload/IndigoUnplugged.app/planofcarecategory.log ... 
2017-12-13 09:47:10 +0000  65182 bytes for ./Payload/IndigoUnplugged.app/planofcarecategory.log
copying file ./Payload/IndigoUnplugged.app/popup.html ... 
2017-12-13 09:47:10 +0000  2559 bytes for ./Payload/IndigoUnplugged.app/popup.html
copying file ./Payload/IndigoUnplugged.app/Popup_iPad.nib ... 
3957 bytes for ./Payload/IndigoUnplugged.app/Popup_iPad.nib
copying file ./Payload/IndigoUnplugged.app/prebase.js ... 
2017-12-13 09:47:10 +0000  76610 bytes for ./Payload/IndigoUnplugged.app/prebase.js
copying file ./Payload/IndigoUnplugged.app/precopy.txt ... 
2017-12-13 09:47:10 +0000  8974 bytes for ./Payload/IndigoUnplugged.app/precopy.txt
copying file ./Payload/IndigoUnplugged.app/preferences.png ... 
2017-12-13 09:47:10 +0000  3240 bytes for ./Payload/IndigoUnplugged.app/preferences.png
copying file ./Payload/IndigoUnplugged.app/prescription.html ... 
2017-12-13 09:47:10 +0000  32760 bytes for ./Payload/IndigoUnplugged.app/prescription.html
copying file ./Payload/IndigoUnplugged.app/prestart.html ... 
2017-12-13 09:47:10 +0000  20896 bytes for ./Payload/IndigoUnplugged.app/prestart.html
copying file ./Payload/IndigoUnplugged.app/printer.png ... 
2017-12-13 09:47:10 +0000  200 bytes for ./Payload/IndigoUnplugged.app/printer.png
copying file ./Payload/IndigoUnplugged.app/procedure.html ... 
2017-12-13 09:47:10 +0000  30064 bytes for ./Payload/IndigoUnplugged.app/procedure.html
copying file ./Payload/IndigoUnplugged.app/queue.html ... 
2017-12-13 09:47:10 +0000  9461 bytes for ./Payload/IndigoUnplugged.app/queue.html
2017-12-13 09:47:10 +0000  copying file ./Payload/IndigoUnplugged.app/ros.html ... 
2017-12-13 09:47:10 +0000  56000 bytes for ./Payload/IndigoUnplugged.app/ros.html
copying file ./Payload/IndigoUnplugged.app/servicefacility.log ... 
2017-12-13 09:47:10 +0000  120711 bytes for ./Payload/IndigoUnplugged.app/servicefacility.log
2017-12-13 09:47:10 +0000  copying file ./Payload/IndigoUnplugged.app/Settings.bundle/en.lproj/Root.strings ... 
546 bytes for ./Payload/IndigoUnplugged.app/Settings.bundle/en.lproj/Root.strings
copying file ./Payload/IndigoUnplugged.app/Settings.bundle/Root.plist ... 
2017-12-13 09:47:10 +0000  4105 bytes for ./Payload/IndigoUnplugged.app/Settings.bundle/Root.plist
copying file ./Payload/IndigoUnplugged.app/SingleOther.html ... 
2017-12-13 09:47:10 +0000  39962 bytes for ./Payload/IndigoUnplugged.app/SingleOther.html
copying file ./Payload/IndigoUnplugged.app/SinglePairingOfCallus.html ... 
2017-12-13 09:47:10 +0000  38111 bytes for ./Payload/IndigoUnplugged.app/SinglePairingOfCallus.html
copying file ./Payload/IndigoUnplugged.app/SinglePunchBiopsy.html ... 
2017-12-13 09:47:10 +0000  40105 bytes for ./Payload/IndigoUnplugged.app/SinglePunchBiopsy.html
copying file ./Payload/IndigoUnplugged.app/sitebg.gif ... 
2017-12-13 09:47:10 +0000  293 bytes for ./Payload/IndigoUnplugged.app/sitebg.gif
copying file ./Payload/IndigoUnplugged.app/slidebars.css ... 
2017-12-13 09:47:10 +0000  6109 bytes for ./Payload/IndigoUnplugged.app/slidebars.css
copying file ./Payload/IndigoUnplugged.app/slidebars.js ... 
2017-12-13 09:47:10 +0000  12602 bytes for ./Payload/IndigoUnplugged.app/slidebars.js
2017-12-13 09:47:10 +0000  copying file ./Payload/IndigoUnplugged.app/smico.png ... 
144 bytes for ./Payload/IndigoUnplugged.app/smico.png
copying file ./Payload/IndigoUnplugged.app/Snippits.rtf ... 
2017-12-13 09:47:10 +0000  14034 bytes for ./Payload/IndigoUnplugged.app/Snippits.rtf
copying file ./Payload/IndigoUnplugged.app/social.html ... 
2017-12-13 09:47:10 +0000  29963 bytes for ./Payload/IndigoUnplugged.app/social.html
copying file ./Payload/IndigoUnplugged.app/start.html ... 
2017-12-13 09:47:10 +0000  3746 bytes for ./Payload/IndigoUnplugged.app/start.html
copying file ./Payload/IndigoUnplugged.app/surgical.html ... 
2017-12-13 09:47:10 +0000  28955 bytes for ./Payload/IndigoUnplugged.app/surgical.html
copying file ./Payload/IndigoUnplugged.app/tcom.html ... 
2017-12-13 09:47:10 +0000  49253 bytes for ./Payload/IndigoUnplugged.app/tcom.html
copying file ./Payload/IndigoUnplugged.app/TCOMBgImg.jpg ... 
2017-12-13 09:47:10 +0000  74303 bytes for ./Payload/IndigoUnplugged.app/TCOMBgImg.jpg
copying file ./Payload/IndigoUnplugged.app/tcomphoto.html ... 
2017-12-13 09:47:10 +0000  20037 bytes for ./Payload/IndigoUnplugged.app/tcomphoto.html
copying file ./Payload/IndigoUnplugged.app/underscore-min.js ... 
2017-12-13 09:47:10 +0000  14358 bytes for ./Payload/IndigoUnplugged.app/underscore-min.js
copying file ./Payload/IndigoUnplugged.app/vascular.html ... 
2017-12-13 09:47:10 +0000  34753 bytes for ./Payload/IndigoUnplugged.app/vascular.html
copying file ./Payload/IndigoUnplugged.app/visits.html ... 
2017-12-13 09:47:10 +0000  15206 bytes for ./Payload/IndigoUnplugged.app/visits.html
copying file ./Payload/IndigoUnplugged.app/visittype.log ... 
2017-12-13 09:47:10 +0000  17336 bytes for ./Payload/IndigoUnplugged.app/visittype.log
2017-12-13 09:47:10 +0000  copying file ./Payload/IndigoUnplugged.app/vitalsign.html ... 
2017-12-13 09:47:10 +0000  40696 bytes for ./Payload/IndigoUnplugged.app/vitalsign.html
copying file ./Payload/IndigoUnplugged.app/woundApligraf.html ... 
2017-12-13 09:47:10 +0000  44196 bytes for ./Payload/IndigoUnplugged.app/woundApligraf.html
copying file ./Payload/IndigoUnplugged.app/woundChemicalCautery.html ... 
2017-12-13 09:47:10 +0000  40165 bytes for ./Payload/IndigoUnplugged.app/woundChemicalCautery.html
copying file ./Payload/IndigoUnplugged.app/woundDermagraft.html ... 
2017-12-13 09:47:10 +0000  44089 bytes for ./Payload/IndigoUnplugged.app/woundDermagraft.html
copying file ./Payload/IndigoUnplugged.app/wounddescription.html ... 
2017-12-13 09:47:10 +0000  105300 bytes for ./Payload/IndigoUnplugged.app/wounddescription.html
copying file ./Payload/IndigoUnplugged.app/wounddiagnosis.html ... 
2017-12-13 09:47:10 +0000  23776 bytes for ./Payload/IndigoUnplugged.app/wounddiagnosis.html
copying file ./Payload/IndigoUnplugged.app/woundDrainageOfAbscess.html ... 
2017-12-13 09:47:10 +0000  39639 bytes for ./Payload/IndigoUnplugged.app/woundDrainageOfAbscess.html
copying file ./Payload/IndigoUnplugged.app/wounddressing.html ... 
2017-12-13 09:47:10 +0000  65169 bytes for ./Payload/IndigoUnplugged.app/wounddressing.html
copying file ./Payload/IndigoUnplugged.app/woundEpiFix.html ... 
2017-12-13 09:47:10 +0000  46569 bytes for ./Payload/IndigoUnplugged.app/woundEpiFix.html
2017-12-13 09:47:10 +0000  copying file ./Payload/IndigoUnplugged.app/woundExcisionalDebridement.html ... 
2017-12-13 09:47:10 +0000  45011 bytes for ./Payload/IndigoUnplugged.app/woundExcisionalDebridement.html
copying file ./Payload/IndigoUnplugged.app/woundGraftJacket.html ... 
2017-12-13 09:47:10 +0000  44097 bytes for ./Payload/IndigoUnplugged.app/woundGraftJacket.html
copying file ./Payload/IndigoUnplugged.app/woundhistory.html ... 
2017-12-13 09:47:10 +0000  6064 bytes for ./Payload/IndigoUnplugged.app/woundhistory.html
copying file ./Payload/IndigoUnplugged.app/woundinfo.html ... 
2017-12-13 09:47:10 +0000  34101 bytes for ./Payload/IndigoUnplugged.app/woundinfo.html
copying file ./Payload/IndigoUnplugged.app/woundlog.html ... 
2017-12-13 09:47:10 +0000  21081 bytes for ./Payload/IndigoUnplugged.app/woundlog.html
copying file ./Payload/IndigoUnplugged.app/woundMatristem.html ... 
2017-12-13 09:47:10 +0000  44089 bytes for ./Payload/IndigoUnplugged.app/woundMatristem.html
copying file ./Payload/IndigoUnplugged.app/woundNonSelectiveDebridement.html ... 
2017-12-13 09:47:10 +0000  38246 bytes for ./Payload/IndigoUnplugged.app/woundNonSelectiveDebridement.html
copying file ./Payload/IndigoUnplugged.app/woundNPWTApplication.html ... 
2017-12-13 09:47:10 +0000  44302 bytes for ./Payload/IndigoUnplugged.app/woundNPWTApplication.html
copying file ./Payload/IndigoUnplugged.app/woundOASIS.html ... 
2017-12-13 09:47:10 +0000  43905 bytes for ./Payload/IndigoUnplugged.app/woundOASIS.html
copying file ./Payload/IndigoUnplugged.app/woundOther.html ... 
2017-12-13 09:47:10 +0000  39506 bytes for ./Payload/IndigoUnplugged.app/woundOther.html
copying file ./Payload/IndigoUnplugged.app/woundParingOfCallus.html ... 
2017-12-13 09:47:10 +0000  39557 bytes for ./Payload/IndigoUnplugged.app/woundParingOfCallus.html
2017-12-13 09:47:10 +0000  copying file ./Payload/IndigoUnplugged.app/woundpicture.html ... 
2017-12-13 09:47:10 +0000  20292 bytes for ./Payload/IndigoUnplugged.app/woundpicture.html
copying file ./Payload/IndigoUnplugged.app/woundPrimatrix.html ... 
2017-12-13 09:47:10 +0000  44093 bytes for ./Payload/IndigoUnplugged.app/woundPrimatrix.html
copying file ./Payload/IndigoUnplugged.app/woundprocedure.html ... 
2017-12-13 09:47:10 +0000  9158 bytes for ./Payload/IndigoUnplugged.app/woundprocedure.html
copying file ./Payload/IndigoUnplugged.app/woundPunchBiopsy.html ... 
2017-12-13 09:47:10 +0000  41464 bytes for ./Payload/IndigoUnplugged.app/woundPunchBiopsy.html
copying file ./Payload/IndigoUnplugged.app/woundSelectiveDebridement.html ... 
2017-12-13 09:47:10 +0000  44483 bytes for ./Payload/IndigoUnplugged.app/woundSelectiveDebridement.html
copying file ./Payload/IndigoUnplugged.app/woundstatus.html ... 
2017-12-13 09:47:10 +0000  50143 bytes for ./Payload/IndigoUnplugged.app/woundstatus.html
copying file ./Payload/IndigoUnplugged.app/woundSurgicalPrep.html ... 
2017-12-13 09:47:10 +0000  44848 bytes for ./Payload/IndigoUnplugged.app/woundSurgicalPrep.html
copying file ./Payload/IndigoUnplugged.app/woundTheraskin.html ... 
2017-12-13 09:47:10 +0000  44093 bytes for ./Payload/IndigoUnplugged.app/woundTheraskin.html
copying file ./Payload/IndigoUnplugged.app/woundTissueBiopsy.html ... 
2017-12-13 09:47:10 +0000  41210 bytes for ./Payload/IndigoUnplugged.app/woundTissueBiopsy.html
copying file ./Payload/IndigoUnplugged.app/xml2json.js ... 
2017-12-13 09:47:10 +0000  6596 bytes for ./Payload/IndigoUnplugged.app/xml2json.js
2017-12-13 09:47:10 +0000  /usr/bin/ditto exited with 0
2017-12-13 09:47:10 +0000  Processing step: IDEDistributionCreateManifestStep
2017-12-13 09:47:10 +0000  Skipping step: IDEDistributionCreateManifestStep because it said so
